TN:
SF:app.js
FN:63,(anonymous_0)
FN:113,(anonymous_1)
FN:177,(anonymous_2)
FN:225,(anonymous_3)
FN:290,(anonymous_4)
FN:303,(anonymous_5)
FN:313,(anonymous_6)
FN:354,loadRoute
FN:397,(anonymous_8)
FN:432,(anonymous_9)
FN:442,(anonymous_10)
FN:552,(anonymous_11)
FN:573,(anonymous_12)
FN:607,(anonymous_13)
FN:625,(anonymous_14)
FN:642,(anonymous_15)
FN:647,(anonymous_16)
FN:653,(anonymous_17)
FN:663,(anonymous_18)
FN:681,(anonymous_19)
FN:686,(anonymous_20)
FN:689,(anonymous_21)
FN:704,(anonymous_22)
FN:739,(anonymous_23)
FNF:24
FNH:1
FNDA:0,(anonymous_0)
FNDA:0,(anonymous_1)
FNDA:0,(anonymous_2)
FNDA:0,(anonymous_3)
FNDA:0,(anonymous_4)
FNDA:0,(anonymous_5)
FNDA:0,(anonymous_6)
FNDA:8,loadRoute
FNDA:0,(anonymous_8)
FNDA:0,(anonymous_9)
FNDA:0,(anonymous_10)
FNDA:0,(anonymous_11)
FNDA:0,(anonymous_12)
FNDA:0,(anonymous_13)
FNDA:0,(anonymous_14)
FNDA:0,(anonymous_15)
FNDA:0,(anonymous_16)
FNDA:0,(anonymous_17)
FNDA:0,(anonymous_18)
FNDA:0,(anonymous_19)
FNDA:0,(anonymous_20)
FNDA:0,(anonymous_21)
FNDA:0,(anonymous_22)
FNDA:0,(anonymous_23)
DA:9,1
DA:10,1
DA:11,1
DA:12,1
DA:14,1
DA:15,1
DA:16,1
DA:17,1
DA:18,1
DA:19,1
DA:25,1
DA:27,1
DA:33,1
DA:39,1
DA:42,1
DA:43,1
DA:55,1
DA:57,0
DA:61,1
DA:62,1
DA:64,0
DA:69,0
DA:70,0
DA:72,0
DA:81,1
DA:82,1
DA:84,0
DA:88,1
DA:89,1
DA:90,1
DA:92,0
DA:99,1
DA:102,1
DA:103,1
DA:104,1
DA:106,0
DA:110,1
DA:111,1
DA:114,0
DA:118,1
DA:122,1
DA:124,0
DA:128,1
DA:129,1
DA:130,1
DA:131,1
DA:133,0
DA:140,1
DA:143,1
DA:144,1
DA:145,0
DA:147,1
DA:148,1
DA:150,1
DA:152,0
DA:156,1
DA:157,1
DA:158,1
DA:161,1
DA:162,1
DA:163,1
DA:165,0
DA:169,1
DA:170,1
DA:171,1
DA:175,0
DA:177,0
DA:178,0
DA:179,0
DA:181,0
DA:188,1
DA:191,1
DA:192,1
DA:194,0
DA:198,1
DA:199,1
DA:202,1
DA:203,1
DA:204,1
DA:208,1
DA:209,1
DA:210,1
DA:214,1
DA:215,0
DA:216,0
DA:217,0
DA:222,0
DA:225,0
DA:226,0
DA:227,0
DA:228,0
DA:229,0
DA:231,0
DA:234,1
DA:240,1
DA:241,1
DA:242,1
DA:244,1
DA:245,1
DA:246,1
DA:248,0
DA:250,0
DA:251,0
DA:256,0
DA:257,0
DA:260,0
DA:261,0
DA:262,0
DA:263,0
DA:268,0
DA:269,0
DA:276,1
DA:278,1
DA:279,1
DA:280,1
DA:283,1
DA:290,1
DA:291,0
DA:292,0
DA:294,1
DA:296,0
DA:303,1
DA:304,0
DA:313,1
DA:314,0
DA:327,1
DA:333,1
DA:336,1
DA:339,1
DA:341,1
DA:347,1
DA:349,1
DA:350,1
DA:351,1
DA:355,8
DA:357,8
DA:359,8
DA:360,8
DA:363,8
DA:364,8
DA:367,8
DA:368,8
DA:369,8
DA:371,8
DA:372,8
DA:373,8
DA:376,0
DA:377,0
DA:378,0
DA:379,0
DA:380,0
DA:381,0
DA:387,8
DA:388,0
DA:389,0
DA:390,0
DA:393,0
DA:394,0
DA:395,0
DA:396,0
DA:397,0
DA:399,0
DA:402,0
DA:405,8
DA:408,8
DA:410,8
DA:412,6
DA:415,6
DA:416,0
DA:417,0
DA:418,0
DA:421,6
DA:424,6
DA:426,2
DA:427,2
DA:428,2
DA:431,2
DA:432,2
DA:433,0
DA:442,2
DA:443,0
DA:451,2
DA:455,1
DA:456,1
DA:457,1
DA:460,1
DA:461,1
DA:462,1
DA:463,1
DA:464,1
DA:467,1
DA:468,1
DA:469,1
DA:470,1
DA:471,1
DA:474,1
DA:475,1
DA:476,1
DA:477,1
DA:478,1
DA:481,1
DA:482,1
DA:483,1
DA:484,1
DA:485,1
DA:488,1
DA:489,1
DA:490,1
DA:491,1
DA:492,1
DA:495,1
DA:496,1
DA:497,1
DA:498,1
DA:499,1
DA:502,1
DA:503,1
DA:504,1
DA:505,1
DA:506,1
DA:512,1
DA:513,1
DA:514,1
DA:515,1
DA:516,1
DA:517,1
DA:520,1
DA:521,1
DA:522,1
DA:523,1
DA:524,1
DA:525,1
DA:526,1
DA:527,1
DA:528,1
DA:529,1
DA:530,1
DA:531,1
DA:532,1
DA:533,1
DA:534,1
DA:535,1
DA:536,1
DA:537,1
DA:538,1
DA:539,1
DA:540,1
DA:541,1
DA:542,1
DA:543,1
DA:544,1
DA:547,0
DA:548,0
DA:551,0
DA:552,0
DA:553,0
DA:560,0
DA:563,1
DA:564,1
DA:565,1
DA:566,1
DA:567,1
DA:573,1
DA:574,0
DA:601,1
DA:607,1
DA:608,0
DA:609,0
DA:612,1
DA:618,1
DA:619,1
DA:620,1
DA:621,0
DA:623,1
DA:625,1
DA:626,0
DA:627,0
DA:633,1
DA:642,1
DA:643,0
DA:644,0
DA:646,0
DA:647,0
DA:648,0
DA:651,0
DA:652,0
DA:653,0
DA:654,0
DA:655,0
DA:658,0
DA:663,0
DA:664,0
DA:665,0
DA:668,0
DA:672,1
DA:673,1
DA:675,1
DA:681,1
DA:682,0
DA:686,1
DA:687,0
DA:689,0
DA:690,0
DA:694,1
DA:700,1
DA:703,1
DA:704,0
DA:705,0
DA:706,0
DA:707,0
DA:708,0
DA:709,0
DA:710,0
DA:711,0
DA:712,0
DA:713,0
DA:714,0
DA:715,0
DA:716,0
DA:717,0
DA:718,0
DA:719,0
DA:720,0
DA:721,0
DA:722,0
DA:723,0
DA:724,0
DA:725,0
DA:726,0
DA:727,0
DA:728,0
DA:729,0
DA:730,0
DA:731,0
DA:732,0
DA:733,0
DA:734,0
DA:735,0
DA:739,0
DA:740,0
DA:741,0
DA:742,0
DA:744,0
DA:745,0
DA:754,1
DA:756,1
DA:757,1
DA:758,1
DA:759,1
DA:760,1
DA:761,1
DA:762,1
DA:763,1
DA:764,1
DA:765,1
LF:355
LH:219
BRDA:11,0,0,1
BRDA:11,0,1,0
BRDA:64,1,0,0
BRDA:64,1,1,0
BRDA:69,2,0,0
BRDA:69,2,1,0
BRDA:69,3,0,0
BRDA:69,3,1,0
BRDA:144,4,0,0
BRDA:144,4,1,1
BRDA:161,5,0,1
BRDA:161,5,1,0
BRDA:161,6,0,1
BRDA:161,6,1,1
BRDA:169,7,0,1
BRDA:169,7,1,0
BRDA:169,8,0,1
BRDA:169,8,1,1
BRDA:202,9,0,1
BRDA:202,9,1,0
BRDA:202,10,0,1
BRDA:202,10,1,1
BRDA:208,11,0,1
BRDA:208,11,1,0
BRDA:208,12,0,1
BRDA:208,12,1,1
BRDA:214,13,0,0
BRDA:214,13,1,1
BRDA:215,14,0,0
BRDA:215,14,1,0
BRDA:215,15,0,0
BRDA:215,15,1,0
BRDA:244,16,0,1
BRDA:244,16,1,0
BRDA:244,17,0,1
BRDA:244,17,1,1
BRDA:244,17,2,1
BRDA:308,18,0,0
BRDA:308,18,1,0
BRDA:367,19,0,8
BRDA:367,19,1,0
BRDA:371,20,0,8
BRDA:371,20,1,0
BRDA:376,21,0,0
BRDA:376,21,1,0
BRDA:379,22,0,0
BRDA:379,22,1,0
BRDA:387,23,0,0
BRDA:387,23,1,8
BRDA:415,24,0,0
BRDA:415,24,1,6
BRDA:415,25,0,6
BRDA:415,25,1,6
BRDA:417,26,0,0
BRDA:417,26,1,0
BRDA:417,27,0,0
BRDA:417,27,1,0
BRDA:436,28,0,0
BRDA:436,28,1,0
BRDA:627,29,0,0
BRDA:627,29,1,0
BRDA:629,30,0,0
BRDA:629,30,1,0
BRDA:630,31,0,0
BRDA:630,31,1,0
BRDA:646,32,0,0
BRDA:646,32,1,0
BRDA:646,33,0,0
BRDA:646,33,1,0
BRDA:652,34,0,0
BRDA:652,34,1,0
BRDA:652,35,0,0
BRDA:652,35,1,0
BRDA:652,35,2,0
BRDA:700,36,0,1
BRDA:700,36,1,0
BRDA:703,37,0,0
BRDA:703,37,1,1
BRDA:708,38,0,0
BRDA:708,38,1,0
BRDA:740,39,0,0
BRDA:740,39,1,0
BRF:82
BRH:27
end_of_record
TN:
SF:ecosystem.config.js
FNF:0
FNH:0
LF:0
LH:0
BRF:0
BRH:0
end_of_record
TN:
SF:server.js
FN:26,(anonymous_0)
FN:45,(anonymous_1)
FN:49,(anonymous_2)
FN:53,(anonymous_3)
FN:67,(anonymous_4)
FN:77,(anonymous_5)
FN:98,(anonymous_6)
FN:101,(anonymous_7)
FN:116,(anonymous_8)
FN:123,(anonymous_9)
FN:124,(anonymous_10)
FN:127,(anonymous_11)
FN:136,(anonymous_12)
FNF:13
FNH:0
FNDA:0,(anonymous_0)
FNDA:0,(anonymous_1)
FNDA:0,(anonymous_2)
FNDA:0,(anonymous_3)
FNDA:0,(anonymous_4)
FNDA:0,(anonymous_5)
FNDA:0,(anonymous_6)
FNDA:0,(anonymous_7)
FNDA:0,(anonymous_8)
FNDA:0,(anonymous_9)
FNDA:0,(anonymous_10)
FNDA:0,(anonymous_11)
FNDA:0,(anonymous_12)
DA:8,0
DA:9,0
DA:10,0
DA:11,0
DA:12,0
DA:18,0
DA:19,0
DA:20,0
DA:26,0
DA:27,0
DA:28,0
DA:36,0
DA:38,0
DA:45,0
DA:46,0
DA:49,0
DA:50,0
DA:53,0
DA:54,0
DA:58,0
DA:59,0
DA:67,0
DA:68,0
DA:70,0
DA:73,0
DA:74,0
DA:77,0
DA:78,0
DA:86,0
DA:87,0
DA:88,0
DA:89,0
DA:90,0
DA:91,0
DA:92,0
DA:93,0
DA:94,0
DA:98,0
DA:99,0
DA:101,0
DA:102,0
DA:105,0
DA:106,0
DA:109,0
DA:110,0
DA:112,0
DA:116,0
DA:117,0
DA:118,0
DA:123,0
DA:124,0
DA:127,0
DA:128,0
DA:132,0
DA:136,0
DA:137,0
DA:144,0
DA:145,0
DA:153,0
DA:159,0
LF:60
LH:0
BRDA:18,0,0,0
BRDA:18,0,1,0
BRDA:19,1,0,0
BRDA:19,1,1,0
BRDA:20,2,0,0
BRDA:20,2,1,0
BRF:6
BRH:0
end_of_record
TN:
SF:test.js
FNF:0
FNH:0
DA:2,0
DA:3,0
LF:2
LH:0
BRF:0
BRH:0
end_of_record
TN:
SF:test2.js
FN:28,connectDatabase
FN:38,cleanDatabase
FN:44,disconnectDatabase
FN:53,test
FN:54,(anonymous_4)
FN:72,createTestSchool
FN:82,createTestTeacher
FN:92,createTestStudent
FN:105,createTestChallenge
FN:128,(anonymous_9)
FN:142,(anonymous_10)
FN:182,(anonymous_11)
FN:195,(anonymous_12)
FN:211,(anonymous_13)
FN:229,runTests
FN:258,(anonymous_15)
FNF:16
FNH:0
FNDA:0,connectDatabase
FNDA:0,cleanDatabase
FNDA:0,disconnectDatabase
FNDA:0,test
FNDA:0,(anonymous_4)
FNDA:0,createTestSchool
FNDA:0,createTestTeacher
FNDA:0,createTestStudent
FNDA:0,createTestChallenge
FNDA:0,(anonymous_9)
FNDA:0,(anonymous_10)
FNDA:0,(anonymous_11)
FNDA:0,(anonymous_12)
FNDA:0,(anonymous_13)
FNDA:0,runTests
FNDA:0,(anonymous_15)
DA:5,0
DA:6,0
DA:7,0
DA:10,0
DA:12,0
DA:22,0
DA:30,0
DA:34,0
DA:35,0
DA:39,0
DA:40,0
DA:41,0
DA:45,0
DA:46,0
DA:54,0
DA:55,0
DA:56,0
DA:57,0
DA:58,0
DA:60,0
DA:61,0
DA:62,0
DA:63,0
DA:73,0
DA:83,0
DA:93,0
DA:106,0
DA:126,0
DA:129,0
DA:131,0
DA:132,0
DA:133,0
DA:135,0
DA:136,0
DA:138,0
DA:139,0
DA:143,0
DA:145,0
DA:146,0
DA:147,0
DA:149,0
DA:150,0
DA:157,0
DA:158,0
DA:161,0
DA:163,0
DA:169,0
DA:170,0
DA:171,0
DA:172,0
DA:173,0
DA:174,0
DA:178,0
DA:183,0
DA:185,0
DA:186,0
DA:187,0
DA:189,0
DA:191,0
DA:192,0
DA:196,0
DA:198,0
DA:199,0
DA:200,0
DA:202,0
DA:204,0
DA:208,0
DA:212,0
DA:214,0
DA:215,0
DA:216,0
DA:218,0
DA:220,0
DA:221,0
DA:230,0
DA:231,0
DA:232,0
DA:234,0
DA:235,0
DA:237,0
DA:238,0
DA:239,0
DA:241,0
DA:242,0
DA:245,0
DA:246,0
DA:247,0
DA:248,0
DA:249,0
DA:250,0
DA:251,0
DA:253,0
DA:254,0
DA:255,0
DA:258,0
DA:259,0
DA:260,0
LF:97
LH:0
BRDA:30,0,0,0
BRDA:30,0,1,0
BRDA:30,0,2,0
BRDA:139,1,0,0
BRDA:139,1,1,0
BRDA:157,2,0,0
BRDA:157,2,1,0
BRDA:161,3,0,0
BRDA:161,3,1,0
BRDA:169,4,0,0
BRDA:169,4,1,0
BRDA:169,5,0,0
BRDA:169,5,1,0
BRDA:192,6,0,0
BRDA:192,6,1,0
BRDA:208,7,0,0
BRDA:208,7,1,0
BRDA:221,8,0,0
BRDA:221,8,1,0
BRDA:255,9,0,0
BRDA:255,9,1,0
BRF:21
BRH:0
end_of_record
TN:
SF:algorithms/attention.mechanism.js
FN:53,(anonymous_0)
FN:70,(anonymous_1)
FN:73,(anonymous_2)
FN:85,(anonymous_3)
FN:86,(anonymous_4)
FN:96,(anonymous_5)
FN:109,(anonymous_6)
FN:118,(anonymous_7)
FN:131,(anonymous_8)
FN:144,(anonymous_9)
FN:160,(anonymous_10)
FN:166,(anonymous_11)
FN:178,(anonymous_12)
FN:181,(anonymous_13)
FN:201,(anonymous_14)
FN:216,(anonymous_15)
FN:217,(anonymous_16)
FN:218,(anonymous_17)
FN:227,(anonymous_18)
FN:228,(anonymous_19)
FN:237,(anonymous_20)
FN:238,(anonymous_21)
FN:240,(anonymous_22)
FN:241,(anonymous_23)
FN:242,(anonymous_24)
FN:250,(anonymous_25)
FN:251,(anonymous_26)
FN:252,(anonymous_27)
FN:261,(anonymous_28)
FN:267,(anonymous_29)
FN:270,(anonymous_30)
FN:287,(anonymous_31)
FN:288,(anonymous_32)
FN:294,(anonymous_33)
FN:296,(anonymous_34)
FN:308,(anonymous_35)
FN:314,(anonymous_36)
FN:315,(anonymous_37)
FN:328,(anonymous_38)
FN:342,(anonymous_39)
FN:345,(anonymous_40)
FN:346,(anonymous_41)
FN:355,(anonymous_42)
FN:358,(anonymous_43)
FN:363,(anonymous_44)
FN:376,(anonymous_45)
FN:377,(anonymous_46)
FN:389,(anonymous_47)
FN:401,(anonymous_48)
FN:420,(anonymous_49)
FN:443,(anonymous_50)
FN:463,(anonymous_51)
FN:474,(anonymous_52)
FN:481,(anonymous_53)
FN:504,(anonymous_54)
FN:514,(anonymous_55)
FN:520,(anonymous_56)
FN:544,(anonymous_57)
FN:566,(anonymous_58)
FN:589,(anonymous_59)
FN:595,(anonymous_60)
FN:613,(anonymous_61)
FN:616,(anonymous_62)
FN:637,(anonymous_63)
FNF:64
FNH:0
FNDA:0,(anonymous_0)
FNDA:0,(anonymous_1)
FNDA:0,(anonymous_2)
FNDA:0,(anonymous_3)
FNDA:0,(anonymous_4)
FNDA:0,(anonymous_5)
FNDA:0,(anonymous_6)
FNDA:0,(anonymous_7)
FNDA:0,(anonymous_8)
FNDA:0,(anonymous_9)
FNDA:0,(anonymous_10)
FNDA:0,(anonymous_11)
FNDA:0,(anonymous_12)
FNDA:0,(anonymous_13)
FNDA:0,(anonymous_14)
FNDA:0,(anonymous_15)
FNDA:0,(anonymous_16)
FNDA:0,(anonymous_17)
FNDA:0,(anonymous_18)
FNDA:0,(anonymous_19)
FNDA:0,(anonymous_20)
FNDA:0,(anonymous_21)
FNDA:0,(anonymous_22)
FNDA:0,(anonymous_23)
FNDA:0,(anonymous_24)
FNDA:0,(anonymous_25)
FNDA:0,(anonymous_26)
FNDA:0,(anonymous_27)
FNDA:0,(anonymous_28)
FNDA:0,(anonymous_29)
FNDA:0,(anonymous_30)
FNDA:0,(anonymous_31)
FNDA:0,(anonymous_32)
FNDA:0,(anonymous_33)
FNDA:0,(anonymous_34)
FNDA:0,(anonymous_35)
FNDA:0,(anonymous_36)
FNDA:0,(anonymous_37)
FNDA:0,(anonymous_38)
FNDA:0,(anonymous_39)
FNDA:0,(anonymous_40)
FNDA:0,(anonymous_41)
FNDA:0,(anonymous_42)
FNDA:0,(anonymous_43)
FNDA:0,(anonymous_44)
FNDA:0,(anonymous_45)
FNDA:0,(anonymous_46)
FNDA:0,(anonymous_47)
FNDA:0,(anonymous_48)
FNDA:0,(anonymous_49)
FNDA:0,(anonymous_50)
FNDA:0,(anonymous_51)
FNDA:0,(anonymous_52)
FNDA:0,(anonymous_53)
FNDA:0,(anonymous_54)
FNDA:0,(anonymous_55)
FNDA:0,(anonymous_56)
FNDA:0,(anonymous_57)
FNDA:0,(anonymous_58)
FNDA:0,(anonymous_59)
FNDA:0,(anonymous_60)
FNDA:0,(anonymous_61)
FNDA:0,(anonymous_62)
FNDA:0,(anonymous_63)
DA:9,0
DA:15,0
DA:24,0
DA:54,0
DA:57,0
DA:60,0
DA:63,0
DA:71,0
DA:73,0
DA:74,0
DA:77,0
DA:86,0
DA:97,0
DA:98,0
DA:106,0
DA:109,0
DA:110,0
DA:111,0
DA:115,0
DA:118,0
DA:119,0
DA:123,0
DA:126,0
DA:128,0
DA:131,0
DA:145,0
DA:147,0
DA:149,0
DA:150,0
DA:152,0
DA:153,0
DA:154,0
DA:156,0
DA:160,0
DA:161,0
DA:163,0
DA:166,0
DA:179,0
DA:181,0
DA:182,0
DA:183,0
DA:184,0
DA:187,0
DA:188,0
DA:193,0
DA:202,0
DA:203,0
DA:205,0
DA:206,0
DA:208,0
DA:217,0
DA:218,0
DA:228,0
DA:238,0
DA:239,0
DA:240,0
DA:241,0
DA:242,0
DA:251,0
DA:252,0
DA:262,0
DA:264,0
DA:267,0
DA:268,0
DA:270,0
DA:271,0
DA:272,0
DA:277,0
DA:288,0
DA:294,0
DA:296,0
DA:309,0
DA:311,0
DA:312,0
DA:314,0
DA:315,0
DA:316,0
DA:320,0
DA:329,0
DA:343,0
DA:345,0
DA:346,0
DA:356,0
DA:358,0
DA:359,0
DA:360,0
DA:361,0
DA:363,0
DA:364,0
DA:377,0
DA:390,0
DA:402,0
DA:403,0
DA:405,0
DA:406,0
DA:420,0
DA:421,0
DA:423,0
DA:424,0
DA:425,0
DA:428,0
DA:429,0
DA:434,0
DA:443,0
DA:444,0
DA:446,0
DA:463,0
DA:464,0
DA:467,0
DA:474,0
DA:481,0
DA:487,0
DA:489,0
DA:504,0
DA:505,0
DA:507,0
DA:514,0
DA:520,0
DA:525,0
DA:527,0
DA:544,0
DA:545,0
DA:548,0
DA:550,0
DA:552,0
DA:554,0
DA:566,0
DA:567,0
DA:569,0
DA:576,0
DA:577,0
DA:583,0
DA:589,0
DA:595,0
DA:599,0
DA:600,0
DA:602,0
DA:613,0
DA:614,0
DA:616,0
DA:617,0
DA:618,0
DA:619,0
DA:629,0
DA:637,0
DA:638,0
DA:640,0
DA:641,0
DA:647,0
DA:659,0
LF:150
LH:0
BRDA:53,0,0,0
BRDA:97,1,0,0
BRDA:97,1,1,0
BRDA:119,2,0,0
BRDA:119,2,1,0
BRDA:144,3,0,0
BRDA:182,4,0,0
BRDA:182,4,1,0
BRDA:183,5,0,0
BRDA:183,5,1,0
BRDA:202,6,0,0
BRDA:202,6,1,0
BRDA:205,7,0,0
BRDA:205,7,1,0
BRDA:218,8,0,0
BRDA:218,8,1,0
BRDA:237,9,0,0
BRDA:252,10,0,0
BRDA:252,10,1,0
BRDA:262,11,0,0
BRDA:262,11,1,0
BRDA:268,12,0,0
BRDA:268,12,1,0
BRDA:271,13,0,0
BRDA:271,13,1,0
BRDA:272,14,0,0
BRDA:272,14,1,0
BRDA:309,15,0,0
BRDA:309,15,1,0
BRDA:359,16,0,0
BRDA:359,16,1,0
BRDA:402,17,0,0
BRDA:402,17,1,0
BRDA:405,18,0,0
BRDA:405,18,1,0
BRDA:423,19,0,0
BRDA:423,19,1,0
BRDA:423,20,0,0
BRDA:423,20,1,0
BRDA:431,21,0,0
BRDA:431,21,1,0
BRDA:477,22,0,0
BRDA:477,22,1,0
BRDA:478,23,0,0
BRDA:478,23,1,0
BRDA:482,24,0,0
BRDA:482,24,1,0
BRDA:483,25,0,0
BRDA:483,25,1,0
BRDA:484,26,0,0
BRDA:484,26,1,0
BRDA:484,27,0,0
BRDA:484,27,1,0
BRDA:504,28,0,0
BRDA:517,29,0,0
BRDA:517,29,1,0
BRDA:521,30,0,0
BRDA:521,30,1,0
BRDA:522,31,0,0
BRDA:522,31,1,0
BRDA:522,32,0,0
BRDA:522,32,1,0
BRDA:576,33,0,0
BRDA:576,33,1,0
BRDA:586,34,0,0
BRDA:586,34,1,0
BRDA:596,35,0,0
BRDA:596,35,1,0
BRDA:617,36,0,0
BRDA:617,36,1,0
BRDA:621,37,0,0
BRDA:621,37,1,0
BRDA:622,38,0,0
BRDA:622,38,1,0
BRDA:640,39,0,0
BRDA:640,39,1,0
BRDA:640,40,0,0
BRDA:640,40,1,0
BRF:78
BRH:0
end_of_record
TN:
SF:algorithms/bayesian.network.js
FN:69,(anonymous_0)
FN:74,(anonymous_1)
FN:91,(anonymous_2)
FN:102,(anonymous_3)
FN:130,(anonymous_4)
FN:169,(anonymous_5)
FN:184,(anonymous_6)
FN:201,(anonymous_7)
FN:212,(anonymous_8)
FN:229,(anonymous_9)
FN:233,(anonymous_10)
FN:246,(anonymous_11)
FN:247,(anonymous_12)
FN:253,(anonymous_13)
FN:260,(anonymous_14)
FN:272,(anonymous_15)
FN:278,(anonymous_16)
FN:297,(anonymous_17)
FN:308,(anonymous_18)
FN:321,(anonymous_19)
FN:354,(anonymous_20)
FN:357,(anonymous_21)
FN:370,(anonymous_22)
FN:374,(anonymous_23)
FN:376,(anonymous_24)
FN:394,(anonymous_25)
FN:400,(anonymous_26)
FN:411,(anonymous_27)
FN:423,(anonymous_28)
FN:431,(anonymous_29)
FN:432,(anonymous_30)
FN:449,(anonymous_31)
FN:472,(anonymous_32)
FN:493,(anonymous_33)
FN:515,(anonymous_34)
FN:552,(anonymous_35)
FN:566,(anonymous_36)
FN:584,(anonymous_37)
FN:601,(anonymous_38)
FN:609,(anonymous_39)
FN:647,(anonymous_40)
FN:664,(anonymous_41)
FN:681,(anonymous_42)
FNF:43
FNH:0
FNDA:0,(anonymous_0)
FNDA:0,(anonymous_1)
FNDA:0,(anonymous_2)
FNDA:0,(anonymous_3)
FNDA:0,(anonymous_4)
FNDA:0,(anonymous_5)
FNDA:0,(anonymous_6)
FNDA:0,(anonymous_7)
FNDA:0,(anonymous_8)
FNDA:0,(anonymous_9)
FNDA:0,(anonymous_10)
FNDA:0,(anonymous_11)
FNDA:0,(anonymous_12)
FNDA:0,(anonymous_13)
FNDA:0,(anonymous_14)
FNDA:0,(anonymous_15)
FNDA:0,(anonymous_16)
FNDA:0,(anonymous_17)
FNDA:0,(anonymous_18)
FNDA:0,(anonymous_19)
FNDA:0,(anonymous_20)
FNDA:0,(anonymous_21)
FNDA:0,(anonymous_22)
FNDA:0,(anonymous_23)
FNDA:0,(anonymous_24)
FNDA:0,(anonymous_25)
FNDA:0,(anonymous_26)
FNDA:0,(anonymous_27)
FNDA:0,(anonymous_28)
FNDA:0,(anonymous_29)
FNDA:0,(anonymous_30)
FNDA:0,(anonymous_31)
FNDA:0,(anonymous_32)
FNDA:0,(anonymous_33)
FNDA:0,(anonymous_34)
FNDA:0,(anonymous_35)
FNDA:0,(anonymous_36)
FNDA:0,(anonymous_37)
FNDA:0,(anonymous_38)
FNDA:0,(anonymous_39)
FNDA:0,(anonymous_40)
FNDA:0,(anonymous_41)
FNDA:0,(anonymous_42)
DA:9,0
DA:15,0
DA:24,0
DA:32,0
DA:70,0
DA:73,0
DA:74,0
DA:75,0
DA:79,0
DA:82,0
DA:92,0
DA:93,0
DA:96,0
DA:97,0
DA:98,0
DA:101,0
DA:102,0
DA:103,0
DA:109,0
DA:112,0
DA:120,0
DA:122,0
DA:131,0
DA:138,0
DA:139,0
DA:140,0
DA:141,0
DA:142,0
DA:146,0
DA:147,0
DA:148,0
DA:149,0
DA:150,0
DA:154,0
DA:155,0
DA:156,0
DA:157,0
DA:158,0
DA:161,0
DA:170,0
DA:172,0
DA:185,0
DA:187,0
DA:202,0
DA:203,0
DA:204,0
DA:213,0
DA:220,0
DA:230,0
DA:233,0
DA:234,0
DA:238,0
DA:247,0
DA:249,0
DA:251,0
DA:252,0
DA:253,0
DA:254,0
DA:256,0
DA:259,0
DA:260,0
DA:261,0
DA:264,0
DA:273,0
DA:275,0
DA:276,0
DA:278,0
DA:279,0
DA:280,0
DA:281,0
DA:285,0
DA:298,0
DA:301,0
DA:307,0
DA:308,0
DA:309,0
DA:312,0
DA:322,0
DA:323,0
DA:326,0
DA:333,0
DA:334,0
DA:337,0
DA:338,0
DA:339,0
DA:341,0
DA:355,0
DA:357,0
DA:358,0
DA:359,0
DA:363,0
DA:371,0
DA:372,0
DA:374,0
DA:375,0
DA:376,0
DA:377,0
DA:378,0
DA:380,0
DA:385,0
DA:395,0
DA:396,0
DA:399,0
DA:400,0
DA:401,0
DA:404,0
DA:412,0
DA:424,0
DA:425,0
DA:432,0
DA:433,0
DA:435,0
DA:436,0
DA:449,0
DA:450,0
DA:452,0
DA:453,0
DA:454,0
DA:457,0
DA:458,0
DA:463,0
DA:472,0
DA:473,0
DA:475,0
DA:493,0
DA:494,0
DA:496,0
DA:497,0
DA:499,0
DA:501,0
DA:515,0
DA:516,0
DA:518,0
DA:526,0
DA:529,0
DA:530,0
DA:531,0
DA:532,0
DA:533,0
DA:538,0
DA:540,0
DA:552,0
DA:553,0
DA:555,0
DA:556,0
DA:565,0
DA:566,0
DA:567,0
DA:574,0
DA:584,0
DA:585,0
DA:587,0
DA:589,0
DA:590,0
DA:593,0
DA:601,0
DA:602,0
DA:603,0
DA:606,0
DA:607,0
DA:609,0
DA:610,0
DA:611,0
DA:613,0
DA:614,0
DA:620,0
DA:621,0
DA:631,0
DA:633,0
DA:647,0
DA:648,0
DA:650,0
DA:651,0
DA:657,0
DA:658,0
DA:663,0
DA:664,0
DA:665,0
DA:668,0
DA:681,0
DA:682,0
DA:683,0
DA:685,0
DA:687,0
DA:694,0
LF:185
LH:0
BRDA:69,0,0,0
BRDA:92,1,0,0
BRDA:92,1,1,0
BRDA:138,2,0,0
BRDA:138,2,1,0
BRDA:146,3,0,0
BRDA:146,3,1,0
BRDA:154,4,0,0
BRDA:154,4,1,0
BRDA:220,5,0,0
BRDA:220,5,1,0
BRDA:249,6,0,0
BRDA:249,6,1,0
BRDA:279,7,0,0
BRDA:279,7,1,0
BRDA:333,8,0,0
BRDA:333,8,1,0
BRDA:358,9,0,0
BRDA:358,9,1,0
BRDA:377,10,0,0
BRDA:377,10,1,0
BRDA:424,11,0,0
BRDA:424,11,1,0
BRDA:425,12,0,0
BRDA:425,12,1,0
BRDA:452,13,0,0
BRDA:452,13,1,0
BRDA:452,14,0,0
BRDA:452,14,1,0
BRDA:460,15,0,0
BRDA:460,15,1,0
BRDA:519,16,0,0
BRDA:519,16,1,0
BRDA:520,17,0,0
BRDA:520,17,1,0
BRDA:522,18,0,0
BRDA:522,18,1,0
BRDA:523,19,0,0
BRDA:523,19,1,0
BRDA:529,20,0,0
BRDA:529,20,1,0
BRDA:529,21,0,0
BRDA:529,21,1,0
BRDA:532,22,0,0
BRDA:532,22,1,0
BRDA:552,23,0,0
BRDA:555,24,0,0
BRDA:555,24,1,0
BRDA:589,25,0,0
BRDA:589,25,1,0
BRDA:613,26,0,0
BRDA:613,26,1,0
BRDA:613,27,0,0
BRDA:613,27,1,0
BRDA:620,28,0,0
BRDA:620,28,1,0
BRDA:620,29,0,0
BRDA:620,29,1,0
BRDA:650,30,0,0
BRDA:650,30,1,0
BRDA:650,31,0,0
BRDA:650,31,1,0
BRF:62
BRH:0
end_of_record
TN:
SF:algorithms/difficulty.calibration.js
FN:61,(anonymous_0)
FN:82,(anonymous_1)
FN:115,(anonymous_2)
FN:126,(anonymous_3)
FN:170,(anonymous_4)
FN:186,(anonymous_5)
FN:239,(anonymous_6)
FN:253,(anonymous_7)
FN:273,(anonymous_8)
FN:274,(anonymous_9)
FN:285,(anonymous_10)
FN:295,(anonymous_11)
FN:308,(anonymous_12)
FN:326,(anonymous_13)
FN:330,(anonymous_14)
FN:352,(anonymous_15)
FN:383,(anonymous_16)
FN:392,(anonymous_17)
FN:415,(anonymous_18)
FN:427,(anonymous_19)
FN:446,(anonymous_20)
FN:464,(anonymous_21)
FN:482,(anonymous_22)
FN:498,(anonymous_23)
FN:516,(anonymous_24)
FN:533,(anonymous_25)
FN:589,(anonymous_26)
FN:608,(anonymous_27)
FN:633,(anonymous_28)
FNF:29
FNH:0
FNDA:0,(anonymous_0)
FNDA:0,(anonymous_1)
FNDA:0,(anonymous_2)
FNDA:0,(anonymous_3)
FNDA:0,(anonymous_4)
FNDA:0,(anonymous_5)
FNDA:0,(anonymous_6)
FNDA:0,(anonymous_7)
FNDA:0,(anonymous_8)
FNDA:0,(anonymous_9)
FNDA:0,(anonymous_10)
FNDA:0,(anonymous_11)
FNDA:0,(anonymous_12)
FNDA:0,(anonymous_13)
FNDA:0,(anonymous_14)
FNDA:0,(anonymous_15)
FNDA:0,(anonymous_16)
FNDA:0,(anonymous_17)
FNDA:0,(anonymous_18)
FNDA:0,(anonymous_19)
FNDA:0,(anonymous_20)
FNDA:0,(anonymous_21)
FNDA:0,(anonymous_22)
FNDA:0,(anonymous_23)
FNDA:0,(anonymous_24)
FNDA:0,(anonymous_25)
FNDA:0,(anonymous_26)
FNDA:0,(anonymous_27)
FNDA:0,(anonymous_28)
DA:9,0
DA:15,0
DA:21,0
DA:62,0
DA:65,0
DA:68,0
DA:71,0
DA:83,0
DA:85,0
DA:88,0
DA:89,0
DA:94,0
DA:95,0
DA:100,0
DA:101,0
DA:102,0
DA:106,0
DA:116,0
DA:117,0
DA:120,0
DA:122,0
DA:123,0
DA:124,0
DA:126,0
DA:127,0
DA:128,0
DA:130,0
DA:131,0
DA:133,0
DA:134,0
DA:135,0
DA:137,0
DA:138,0
DA:140,0
DA:141,0
DA:145,0
DA:147,0
DA:148,0
DA:151,0
DA:156,0
DA:157,0
DA:161,0
DA:171,0
DA:172,0
DA:175,0
DA:176,0
DA:177,0
DA:179,0
DA:181,0
DA:182,0
DA:183,0
DA:184,0
DA:186,0
DA:187,0
DA:188,0
DA:189,0
DA:191,0
DA:192,0
DA:193,0
DA:194,0
DA:196,0
DA:199,0
DA:200,0
DA:205,0
DA:207,0
DA:208,0
DA:211,0
DA:212,0
DA:216,0
DA:221,0
DA:226,0
DA:232,0
DA:240,0
DA:254,0
DA:255,0
DA:256,0
DA:258,0
DA:259,0
DA:260,0
DA:264,0
DA:274,0
DA:275,0
DA:286,0
DA:287,0
DA:296,0
DA:297,0
DA:298,0
DA:299,0
DA:300,0
DA:309,0
DA:317,0
DA:327,0
DA:328,0
DA:330,0
DA:331,0
DA:333,0
DA:334,0
DA:335,0
DA:339,0
DA:353,0
DA:354,0
DA:356,0
DA:357,0
DA:359,0
DA:360,0
DA:361,0
DA:368,0
DA:374,0
DA:384,0
DA:386,0
DA:387,0
DA:389,0
DA:390,0
DA:392,0
DA:393,0
DA:401,0
DA:408,0
DA:416,0
DA:428,0
DA:429,0
DA:431,0
DA:432,0
DA:446,0
DA:447,0
DA:449,0
DA:451,0
DA:452,0
DA:455,0
DA:464,0
DA:465,0
DA:467,0
DA:482,0
DA:483,0
DA:485,0
DA:490,0
DA:491,0
DA:498,0
DA:499,0
DA:502,0
DA:504,0
DA:511,0
DA:513,0
DA:514,0
DA:516,0
DA:517,0
DA:519,0
DA:533,0
DA:534,0
DA:536,0
DA:537,0
DA:541,0
DA:547,0
DA:548,0
DA:555,0
DA:558,0
DA:560,0
DA:561,0
DA:562,0
DA:565,0
DA:572,0
DA:574,0
DA:589,0
DA:590,0
DA:591,0
DA:594,0
DA:595,0
DA:596,0
DA:599,0
DA:601,0
DA:602,0
DA:608,0
DA:618,0
DA:620,0
DA:633,0
DA:634,0
DA:636,0
DA:637,0
DA:643,0
DA:644,0
DA:646,0
DA:649,0
DA:661,0
LF:182
LH:0
BRDA:61,0,0,0
BRDA:82,1,0,0
BRDA:82,2,0,0
BRDA:85,3,0,0
BRDA:85,3,1,0
BRDA:85,3,2,0
BRDA:85,3,3,0
BRDA:116,4,0,0
BRDA:116,4,1,0
BRDA:133,5,0,0
BRDA:133,5,1,0
BRDA:145,6,0,0
BRDA:145,6,1,0
BRDA:156,7,0,0
BRDA:156,7,1,0
BRDA:171,8,0,0
BRDA:171,8,1,0
BRDA:191,9,0,0
BRDA:191,9,1,0
BRDA:191,10,0,0
BRDA:191,10,1,0
BRDA:199,11,0,0
BRDA:199,11,1,0
BRDA:207,12,0,0
BRDA:207,12,1,0
BRDA:211,13,0,0
BRDA:211,13,1,0
BRDA:258,14,0,0
BRDA:258,14,1,0
BRDA:287,15,0,0
BRDA:287,15,1,0
BRDA:296,16,0,0
BRDA:296,16,1,0
BRDA:297,17,0,0
BRDA:297,17,1,0
BRDA:298,18,0,0
BRDA:298,18,1,0
BRDA:299,19,0,0
BRDA:299,19,1,0
BRDA:317,20,0,0
BRDA:317,20,1,0
BRDA:333,21,0,0
BRDA:333,21,1,0
BRDA:352,22,0,0
BRDA:383,23,0,0
BRDA:428,24,0,0
BRDA:428,24,1,0
BRDA:431,25,0,0
BRDA:431,25,1,0
BRDA:451,26,0,0
BRDA:451,26,1,0
BRDA:451,27,0,0
BRDA:451,27,1,0
BRDA:490,28,0,0
BRDA:490,28,1,0
BRDA:499,29,0,0
BRDA:499,29,1,0
BRDA:506,30,0,0
BRDA:506,30,1,0
BRDA:522,31,0,0
BRDA:522,31,1,0
BRDA:522,32,0,0
BRDA:522,32,1,0
BRDA:536,33,0,0
BRDA:536,33,1,0
BRDA:547,34,0,0
BRDA:547,34,1,0
BRDA:562,35,0,0
BRDA:562,35,1,0
BRDA:568,36,0,0
BRDA:568,36,1,0
BRDA:589,37,0,0
BRDA:595,38,0,0
BRDA:595,38,1,0
BRDA:601,39,0,0
BRDA:601,39,1,0
BRDA:636,40,0,0
BRDA:636,40,1,0
BRDA:636,41,0,0
BRDA:636,41,1,0
BRDA:646,42,0,0
BRDA:646,42,1,0
BRF:82
BRH:0
end_of_record
TN:
SF:algorithms/hmm.model.js
FN:89,(anonymous_0)
FN:106,(anonymous_1)
FN:117,(anonymous_2)
FN:122,(anonymous_3)
FN:123,(anonymous_4)
FN:127,(anonymous_5)
FN:135,(anonymous_6)
FN:139,(anonymous_7)
FN:161,(anonymous_8)
FN:185,(anonymous_9)
FN:189,(anonymous_10)
FN:193,(anonymous_11)
FN:201,(anonymous_12)
FN:203,(anonymous_13)
FN:212,(anonymous_14)
FN:224,(anonymous_15)
FN:228,(anonymous_16)
FN:231,(anonymous_17)
FN:239,(anonymous_18)
FN:241,(anonymous_19)
FN:258,(anonymous_20)
FN:264,(anonymous_21)
FN:283,(anonymous_22)
FN:290,(anonymous_23)
FN:295,(anonymous_24)
FN:299,(anonymous_25)
FN:312,(anonymous_26)
FN:316,(anonymous_27)
FN:320,(anonymous_28)
FN:328,(anonymous_29)
FN:330,(anonymous_30)
FN:346,(anonymous_31)
FN:389,(anonymous_32)
FN:391,(anonymous_33)
FN:397,(anonymous_34)
FN:398,(anonymous_35)
FN:406,(anonymous_36)
FN:408,(anonymous_37)
FN:426,(anonymous_38)
FN:430,(anonymous_39)
FN:435,(anonymous_40)
FN:436,(anonymous_41)
FN:451,(anonymous_42)
FN:452,(anonymous_43)
FN:472,(anonymous_44)
FN:480,(anonymous_45)
FN:492,(anonymous_46)
FN:514,(anonymous_47)
FN:535,(anonymous_48)
FN:555,(anonymous_49)
FN:566,(anonymous_50)
FN:598,(anonymous_51)
FN:610,(anonymous_52)
FN:625,(anonymous_53)
FN:642,(anonymous_54)
FN:646,(anonymous_55)
FN:659,(anonymous_56)
FNF:57
FNH:0
FNDA:0,(anonymous_0)
FNDA:0,(anonymous_1)
FNDA:0,(anonymous_2)
FNDA:0,(anonymous_3)
FNDA:0,(anonymous_4)
FNDA:0,(anonymous_5)
FNDA:0,(anonymous_6)
FNDA:0,(anonymous_7)
FNDA:0,(anonymous_8)
FNDA:0,(anonymous_9)
FNDA:0,(anonymous_10)
FNDA:0,(anonymous_11)
FNDA:0,(anonymous_12)
FNDA:0,(anonymous_13)
FNDA:0,(anonymous_14)
FNDA:0,(anonymous_15)
FNDA:0,(anonymous_16)
FNDA:0,(anonymous_17)
FNDA:0,(anonymous_18)
FNDA:0,(anonymous_19)
FNDA:0,(anonymous_20)
FNDA:0,(anonymous_21)
FNDA:0,(anonymous_22)
FNDA:0,(anonymous_23)
FNDA:0,(anonymous_24)
FNDA:0,(anonymous_25)
FNDA:0,(anonymous_26)
FNDA:0,(anonymous_27)
FNDA:0,(anonymous_28)
FNDA:0,(anonymous_29)
FNDA:0,(anonymous_30)
FNDA:0,(anonymous_31)
FNDA:0,(anonymous_32)
FNDA:0,(anonymous_33)
FNDA:0,(anonymous_34)
FNDA:0,(anonymous_35)
FNDA:0,(anonymous_36)
FNDA:0,(anonymous_37)
FNDA:0,(anonymous_38)
FNDA:0,(anonymous_39)
FNDA:0,(anonymous_40)
FNDA:0,(anonymous_41)
FNDA:0,(anonymous_42)
FNDA:0,(anonymous_43)
FNDA:0,(anonymous_44)
FNDA:0,(anonymous_45)
FNDA:0,(anonymous_46)
FNDA:0,(anonymous_47)
FNDA:0,(anonymous_48)
FNDA:0,(anonymous_49)
FNDA:0,(anonymous_50)
FNDA:0,(anonymous_51)
FNDA:0,(anonymous_52)
FNDA:0,(anonymous_53)
FNDA:0,(anonymous_54)
FNDA:0,(anonymous_55)
FNDA:0,(anonymous_56)
DA:9,0
DA:15,0
DA:22,0
DA:90,0
DA:92,0
DA:93,0
DA:94,0
DA:95,0
DA:97,0
DA:98,0
DA:107,0
DA:108,0
DA:109,0
DA:118,0
DA:119,0
DA:122,0
DA:123,0
DA:126,0
DA:127,0
DA:128,0
DA:132,0
DA:133,0
DA:135,0
DA:136,0
DA:137,0
DA:139,0
DA:140,0
DA:144,0
DA:145,0
DA:146,0
DA:150,0
DA:151,0
DA:156,0
DA:159,0
DA:160,0
DA:161,0
DA:162,0
DA:163,0
DA:164,0
DA:168,0
DA:171,0
DA:172,0
DA:173,0
DA:174,0
DA:177,0
DA:186,0
DA:187,0
DA:189,0
DA:192,0
DA:193,0
DA:194,0
DA:198,0
DA:199,0
DA:201,0
DA:202,0
DA:203,0
DA:204,0
DA:206,0
DA:211,0
DA:212,0
DA:213,0
DA:216,0
DA:225,0
DA:226,0
DA:228,0
DA:231,0
DA:232,0
DA:236,0
DA:237,0
DA:239,0
DA:240,0
DA:241,0
DA:242,0
DA:246,0
DA:250,0
DA:259,0
DA:261,0
DA:262,0
DA:264,0
DA:265,0
DA:266,0
DA:267,0
DA:271,0
DA:284,0
DA:285,0
DA:287,0
DA:288,0
DA:290,0
DA:292,0
DA:293,0
DA:295,0
DA:296,0
DA:299,0
DA:300,0
DA:304,0
DA:313,0
DA:314,0
DA:316,0
DA:319,0
DA:320,0
DA:321,0
DA:325,0
DA:326,0
DA:328,0
DA:329,0
DA:330,0
DA:331,0
DA:333,0
DA:337,0
DA:347,0
DA:348,0
DA:350,0
DA:351,0
DA:352,0
DA:355,0
DA:356,0
DA:359,0
DA:362,0
DA:364,0
DA:365,0
DA:372,0
DA:375,0
DA:390,0
DA:391,0
DA:393,0
DA:394,0
DA:395,0
DA:397,0
DA:398,0
DA:399,0
DA:406,0
DA:407,0
DA:408,0
DA:409,0
DA:417,0
DA:427,0
DA:430,0
DA:431,0
DA:435,0
DA:436,0
DA:437,0
DA:438,0
DA:440,0
DA:441,0
DA:442,0
DA:445,0
DA:450,0
DA:451,0
DA:452,0
DA:453,0
DA:454,0
DA:456,0
DA:457,0
DA:458,0
DA:460,0
DA:463,0
DA:473,0
DA:481,0
DA:493,0
DA:494,0
DA:496,0
DA:497,0
DA:499,0
DA:500,0
DA:514,0
DA:515,0
DA:517,0
DA:518,0
DA:519,0
DA:522,0
DA:523,0
DA:524,0
DA:526,0
DA:535,0
DA:536,0
DA:538,0
DA:555,0
DA:556,0
DA:558,0
DA:559,0
DA:566,0
DA:569,0
DA:570,0
DA:577,0
DA:578,0
DA:579,0
DA:581,0
DA:582,0
DA:584,0
DA:598,0
DA:599,0
DA:606,0
DA:607,0
DA:610,0
DA:612,0
DA:613,0
DA:615,0
DA:617,0
DA:625,0
DA:626,0
DA:628,0
DA:635,0
DA:636,0
DA:642,0
DA:643,0
DA:645,0
DA:646,0
DA:659,0
DA:660,0
DA:662,0
DA:663,0
DA:669,0
DA:680,0
LF:213
LH:0
BRDA:89,0,0,0
BRDA:107,1,0,0
BRDA:107,1,1,0
BRDA:108,2,0,0
BRDA:108,2,1,0
BRDA:144,3,0,0
BRDA:144,3,1,0
BRDA:162,4,0,0
BRDA:162,4,1,0
BRDA:265,5,0,0
BRDA:265,5,1,0
BRDA:346,6,0,0
BRDA:364,7,0,0
BRDA:364,7,1,0
BRDA:457,8,0,0
BRDA:457,8,1,0
BRDA:493,9,0,0
BRDA:493,9,1,0
BRDA:496,10,0,0
BRDA:496,10,1,0
BRDA:499,11,0,0
BRDA:499,11,1,0
BRDA:517,12,0,0
BRDA:517,12,1,0
BRDA:517,13,0,0
BRDA:517,13,1,0
BRDA:555,14,0,0
BRDA:558,15,0,0
BRDA:558,15,1,0
BRDA:566,16,0,0
BRDA:566,16,1,0
BRDA:569,17,0,0
BRDA:569,17,1,0
BRDA:606,18,0,0
BRDA:606,18,1,0
BRDA:610,19,0,0
BRDA:610,19,1,0
BRDA:635,20,0,0
BRDA:635,20,1,0
BRDA:642,21,0,0
BRDA:642,21,1,0
BRDA:662,22,0,0
BRDA:662,22,1,0
BRDA:662,23,0,0
BRDA:662,23,1,0
BRF:45
BRH:0
end_of_record
TN:
SF:algorithms/kalman.filter.js
FN:43,(anonymous_0)
FN:61,(anonymous_1)
FN:79,(anonymous_2)
FN:139,(anonymous_3)
FN:147,(anonymous_4)
FN:158,(anonymous_5)
FN:165,(anonymous_6)
FN:176,(anonymous_7)
FN:192,(anonymous_8)
FN:210,(anonymous_9)
FN:244,(anonymous_10)
FN:268,(anonymous_11)
FN:321,(anonymous_12)
FN:347,(anonymous_13)
FN:361,(anonymous_14)
FN:398,(anonymous_15)
FN:420,(anonymous_16)
FN:423,(anonymous_17)
FN:425,(anonymous_18)
FN:430,(anonymous_19)
FN:440,(anonymous_20)
FNF:21
FNH:0
FNDA:0,(anonymous_0)
FNDA:0,(anonymous_1)
FNDA:0,(anonymous_2)
FNDA:0,(anonymous_3)
FNDA:0,(anonymous_4)
FNDA:0,(anonymous_5)
FNDA:0,(anonymous_6)
FNDA:0,(anonymous_7)
FNDA:0,(anonymous_8)
FNDA:0,(anonymous_9)
FNDA:0,(anonymous_10)
FNDA:0,(anonymous_11)
FNDA:0,(anonymous_12)
FNDA:0,(anonymous_13)
FNDA:0,(anonymous_14)
FNDA:0,(anonymous_15)
FNDA:0,(anonymous_16)
FNDA:0,(anonymous_17)
FNDA:0,(anonymous_18)
FNDA:0,(anonymous_19)
FNDA:0,(anonymous_20)
DA:9,0
DA:15,0
DA:44,0
DA:47,0
DA:48,0
DA:49,0
DA:50,0
DA:53,0
DA:54,0
DA:63,0
DA:66,0
DA:68,0
DA:81,0
DA:84,0
DA:88,0
DA:89,0
DA:92,0
DA:95,0
DA:101,0
DA:104,0
DA:110,0
DA:111,0
DA:112,0
DA:115,0
DA:125,0
DA:140,0
DA:150,0
DA:151,0
DA:159,0
DA:166,0
DA:167,0
DA:168,0
DA:169,0
DA:177,0
DA:193,0
DA:194,0
DA:195,0
DA:196,0
DA:197,0
DA:210,0
DA:211,0
DA:213,0
DA:215,0
DA:226,0
DA:227,0
DA:235,0
DA:244,0
DA:245,0
DA:247,0
DA:268,0
DA:273,0
DA:276,0
DA:279,0
DA:286,0
DA:287,0
DA:290,0
DA:293,0
DA:296,0
DA:298,0
DA:321,0
DA:322,0
DA:323,0
DA:325,0
DA:326,0
DA:328,0
DA:337,0
DA:339,0
DA:347,0
DA:348,0
DA:349,0
DA:351,0
DA:353,0
DA:361,0
DA:362,0
DA:364,0
DA:365,0
DA:371,0
DA:372,0
DA:380,0
DA:398,0
DA:399,0
DA:401,0
DA:402,0
DA:405,0
DA:406,0
DA:409,0
DA:411,0
DA:420,0
DA:421,0
DA:423,0
DA:425,0
DA:426,0
DA:427,0
DA:430,0
DA:432,0
DA:440,0
DA:454,0
LF:97
LH:0
BRDA:43,0,0,0
BRDA:195,1,0,0
BRDA:195,1,1,0
BRDA:196,2,0,0
BRDA:196,2,1,0
BRDA:197,3,0,0
BRDA:197,3,1,0
BRDA:213,4,0,0
BRDA:213,4,1,0
BRDA:268,5,0,0
BRDA:270,6,0,0
BRDA:272,7,0,0
BRDA:286,8,0,0
BRDA:286,8,1,0
BRDA:364,9,0,0
BRDA:364,9,1,0
BRDA:401,10,0,0
BRDA:401,10,1,0
BRDA:405,11,0,0
BRDA:405,11,1,0
BRF:20
BRH:0
end_of_record
TN:
SF:algorithms/meta.learning.js
FN:52,(anonymous_0)
FN:66,(anonymous_1)
FN:100,(anonymous_2)
FN:121,(anonymous_3)
FN:139,(anonymous_4)
FN:142,(anonymous_5)
FN:171,(anonymous_6)
FN:200,(anonymous_7)
FN:231,(anonymous_8)
FN:236,(anonymous_9)
FN:273,(anonymous_10)
FN:308,(anonymous_11)
FN:322,(anonymous_12)
FN:326,(anonymous_13)
FN:337,(anonymous_14)
FN:338,(anonymous_15)
FN:339,(anonymous_16)
FN:340,(anonymous_17)
FN:348,(anonymous_18)
FN:351,(anonymous_19)
FN:352,(anonymous_20)
FN:364,(anonymous_21)
FN:367,(anonymous_22)
FN:382,(anonymous_23)
FN:432,(anonymous_24)
FN:445,(anonymous_25)
FN:462,(anonymous_26)
FN:492,(anonymous_27)
FN:514,(anonymous_28)
FN:525,(anonymous_29)
FN:526,(anonymous_30)
FN:543,(anonymous_31)
FN:560,(anonymous_32)
FN:569,(anonymous_33)
FN:574,(anonymous_34)
FN:584,(anonymous_35)
FN:585,(anonymous_36)
FN:606,(anonymous_37)
FN:624,(anonymous_38)
FN:657,(anonymous_39)
FN:665,(anonymous_40)
FN:678,(anonymous_41)
FN:685,(anonymous_42)
FN:698,(anonymous_43)
FN:708,(anonymous_44)
FN:709,(anonymous_45)
FN:712,(anonymous_46)
FN:723,(anonymous_47)
FN:726,(anonymous_48)
FNF:49
FNH:0
FNDA:0,(anonymous_0)
FNDA:0,(anonymous_1)
FNDA:0,(anonymous_2)
FNDA:0,(anonymous_3)
FNDA:0,(anonymous_4)
FNDA:0,(anonymous_5)
FNDA:0,(anonymous_6)
FNDA:0,(anonymous_7)
FNDA:0,(anonymous_8)
FNDA:0,(anonymous_9)
FNDA:0,(anonymous_10)
FNDA:0,(anonymous_11)
FNDA:0,(anonymous_12)
FNDA:0,(anonymous_13)
FNDA:0,(anonymous_14)
FNDA:0,(anonymous_15)
FNDA:0,(anonymous_16)
FNDA:0,(anonymous_17)
FNDA:0,(anonymous_18)
FNDA:0,(anonymous_19)
FNDA:0,(anonymous_20)
FNDA:0,(anonymous_21)
FNDA:0,(anonymous_22)
FNDA:0,(anonymous_23)
FNDA:0,(anonymous_24)
FNDA:0,(anonymous_25)
FNDA:0,(anonymous_26)
FNDA:0,(anonymous_27)
FNDA:0,(anonymous_28)
FNDA:0,(anonymous_29)
FNDA:0,(anonymous_30)
FNDA:0,(anonymous_31)
FNDA:0,(anonymous_32)
FNDA:0,(anonymous_33)
FNDA:0,(anonymous_34)
FNDA:0,(anonymous_35)
FNDA:0,(anonymous_36)
FNDA:0,(anonymous_37)
FNDA:0,(anonymous_38)
FNDA:0,(anonymous_39)
FNDA:0,(anonymous_40)
FNDA:0,(anonymous_41)
FNDA:0,(anonymous_42)
FNDA:0,(anonymous_43)
FNDA:0,(anonymous_44)
FNDA:0,(anonymous_45)
FNDA:0,(anonymous_46)
FNDA:0,(anonymous_47)
FNDA:0,(anonymous_48)
DA:9,0
DA:10,0
DA:11,0
DA:17,0
DA:53,0
DA:55,0
DA:56,0
DA:57,0
DA:58,0
DA:67,0
DA:68,0
DA:71,0
DA:74,0
DA:77,0
DA:80,0
DA:85,0
DA:87,0
DA:101,0
DA:103,0
DA:122,0
DA:130,0
DA:140,0
DA:142,0
DA:143,0
DA:145,0
DA:146,0
DA:149,0
DA:150,0
DA:151,0
DA:153,0
DA:154,0
DA:156,0
DA:163,0
DA:172,0
DA:175,0
DA:176,0
DA:177,0
DA:181,0
DA:182,0
DA:183,0
DA:187,0
DA:188,0
DA:189,0
DA:192,0
DA:201,0
DA:203,0
DA:204,0
DA:209,0
DA:210,0
DA:215,0
DA:216,0
DA:223,0
DA:232,0
DA:233,0
DA:235,0
DA:236,0
DA:239,0
DA:240,0
DA:241,0
DA:242,0
DA:243,0
DA:247,0
DA:248,0
DA:256,0
DA:257,0
DA:258,0
DA:265,0
DA:274,0
DA:275,0
DA:277,0
DA:278,0
DA:280,0
DA:281,0
DA:287,0
DA:288,0
DA:295,0
DA:309,0
DA:323,0
DA:325,0
DA:326,0
DA:328,0
DA:329,0
DA:338,0
DA:339,0
DA:340,0
DA:349,0
DA:350,0
DA:351,0
DA:352,0
DA:353,0
DA:355,0
DA:356,0
DA:365,0
DA:367,0
DA:368,0
DA:370,0
DA:371,0
DA:374,0
DA:383,0
DA:386,0
DA:387,0
DA:388,0
DA:393,0
DA:394,0
DA:402,0
DA:403,0
DA:408,0
DA:409,0
DA:417,0
DA:418,0
DA:425,0
DA:433,0
DA:446,0
DA:447,0
DA:448,0
DA:449,0
DA:462,0
DA:463,0
DA:465,0
DA:466,0
DA:475,0
DA:476,0
DA:483,0
DA:492,0
DA:493,0
DA:495,0
DA:514,0
DA:515,0
DA:518,0
DA:523,0
DA:525,0
DA:526,0
DA:531,0
DA:533,0
DA:535,0
DA:543,0
DA:544,0
DA:545,0
DA:546,0
DA:547,0
DA:549,0
DA:552,0
DA:560,0
DA:561,0
DA:562,0
DA:564,0
DA:568,0
DA:569,0
DA:573,0
DA:574,0
DA:575,0
DA:576,0
DA:577,0
DA:579,0
DA:582,0
DA:583,0
DA:584,0
DA:585,0
DA:586,0
DA:587,0
DA:588,0
DA:592,0
DA:597,0
DA:606,0
DA:607,0
DA:609,0
DA:610,0
DA:612,0
DA:624,0
DA:625,0
DA:627,0
DA:628,0
DA:634,0
DA:635,0
DA:642,0
DA:644,0
DA:657,0
DA:658,0
DA:659,0
DA:664,0
DA:665,0
DA:666,0
DA:667,0
DA:668,0
DA:674,0
DA:675,0
DA:678,0
DA:679,0
DA:680,0
DA:684,0
DA:685,0
DA:686,0
DA:687,0
DA:688,0
DA:694,0
DA:695,0
DA:698,0
DA:699,0
DA:700,0
DA:704,0
DA:707,0
DA:708,0
DA:709,0
DA:712,0
DA:713,0
DA:722,0
DA:723,0
DA:726,0
DA:727,0
DA:735,0
DA:748,0
LF:211
LH:0
BRDA:52,0,0,0
BRDA:101,1,0,0
BRDA:101,1,1,0
BRDA:106,2,0,0
BRDA:106,2,1,0
BRDA:109,3,0,0
BRDA:109,3,1,0
BRDA:110,4,0,0
BRDA:110,4,1,0
BRDA:111,5,0,0
BRDA:111,5,1,0
BRDA:112,6,0,0
BRDA:112,6,1,0
BRDA:130,7,0,0
BRDA:130,7,1,0
BRDA:143,8,0,0
BRDA:143,8,1,0
BRDA:146,9,0,0
BRDA:146,9,1,0
BRDA:175,10,0,0
BRDA:175,10,1,0
BRDA:177,11,0,0
BRDA:177,11,1,0
BRDA:181,12,0,0
BRDA:181,12,1,0
BRDA:183,13,0,0
BRDA:183,13,1,0
BRDA:187,14,0,0
BRDA:187,14,1,0
BRDA:189,15,0,0
BRDA:189,15,1,0
BRDA:203,16,0,0
BRDA:203,16,1,0
BRDA:203,17,0,0
BRDA:203,17,1,0
BRDA:209,18,0,0
BRDA:209,18,1,0
BRDA:209,19,0,0
BRDA:209,19,1,0
BRDA:215,20,0,0
BRDA:215,20,1,0
BRDA:215,21,0,0
BRDA:215,21,1,0
BRDA:232,22,0,0
BRDA:232,22,1,0
BRDA:233,23,0,0
BRDA:233,23,1,0
BRDA:241,24,0,0
BRDA:241,24,1,0
BRDA:247,25,0,0
BRDA:247,25,1,0
BRDA:257,26,0,0
BRDA:257,26,1,0
BRDA:274,27,0,0
BRDA:274,27,1,0
BRDA:275,28,0,0
BRDA:275,28,1,0
BRDA:280,29,0,0
BRDA:280,29,1,0
BRDA:287,30,0,0
BRDA:287,30,1,0
BRDA:323,31,0,0
BRDA:323,31,1,0
BRDA:368,32,0,0
BRDA:368,32,1,0
BRDA:370,33,0,0
BRDA:370,33,1,0
BRDA:387,34,0,0
BRDA:387,34,1,0
BRDA:387,35,0,0
BRDA:387,35,1,0
BRDA:393,36,0,0
BRDA:393,36,1,0
BRDA:393,37,0,0
BRDA:393,37,1,0
BRDA:402,38,0,0
BRDA:402,38,1,0
BRDA:408,39,0,0
BRDA:408,39,1,0
BRDA:417,40,0,0
BRDA:417,40,1,0
BRDA:446,41,0,0
BRDA:446,41,1,0
BRDA:447,42,0,0
BRDA:447,42,1,0
BRDA:448,43,0,0
BRDA:448,43,1,0
BRDA:449,44,0,0
BRDA:449,44,1,0
BRDA:465,45,0,0
BRDA:465,45,1,0
BRDA:477,46,0,0
BRDA:477,46,1,0
BRDA:478,47,0,0
BRDA:478,47,1,0
BRDA:479,48,0,0
BRDA:479,48,1,0
BRDA:480,49,0,0
BRDA:480,49,1,0
BRDA:525,50,0,0
BRDA:525,50,1,0
BRDA:527,51,0,0
BRDA:527,51,1,0
BRDA:546,52,0,0
BRDA:546,52,1,0
BRDA:568,53,0,0
BRDA:568,53,1,0
BRDA:569,54,0,0
BRDA:569,54,1,0
BRDA:576,55,0,0
BRDA:576,55,1,0
BRDA:579,56,0,0
BRDA:579,56,1,0
BRDA:586,57,0,0
BRDA:586,57,1,0
BRDA:594,58,0,0
BRDA:594,58,1,0
BRDA:627,59,0,0
BRDA:627,59,1,0
BRDA:636,60,0,0
BRDA:636,60,1,0
BRDA:637,61,0,0
BRDA:637,61,1,0
BRDA:647,62,0,0
BRDA:647,62,1,0
BRDA:667,63,0,0
BRDA:667,63,1,0
BRDA:675,64,0,0
BRDA:675,64,1,0
BRDA:687,65,0,0
BRDA:687,65,1,0
BRDA:695,66,0,0
BRDA:695,66,1,0
BRDA:715,67,0,0
BRDA:715,67,1,0
BRF:135
BRH:0
end_of_record
TN:
SF:algorithms/pid.controller.js
FN:56,(anonymous_0)
FN:87,(anonymous_1)
FN:168,(anonymous_2)
FN:176,(anonymous_3)
FN:199,(anonymous_4)
FN:222,(anonymous_5)
FN:236,(anonymous_6)
FN:255,(anonymous_7)
FN:272,(anonymous_8)
FN:282,(anonymous_9)
FN:290,(anonymous_10)
FN:296,(anonymous_11)
FN:297,(anonymous_12)
FN:312,(anonymous_13)
FN:315,(anonymous_14)
FN:327,(anonymous_15)
FN:330,(anonymous_16)
FN:331,(anonymous_17)
FN:343,(anonymous_18)
FN:344,(anonymous_19)
FN:345,(anonymous_20)
FN:346,(anonymous_21)
FN:359,(anonymous_22)
FN:397,(anonymous_23)
FN:424,(anonymous_24)
FN:454,(anonymous_25)
FN:480,(anonymous_26)
FN:494,(anonymous_27)
FN:537,(anonymous_28)
FN:557,(anonymous_29)
FN:601,(anonymous_30)
FN:616,(anonymous_31)
FN:631,(anonymous_32)
FNF:33
FNH:0
FNDA:0,(anonymous_0)
FNDA:0,(anonymous_1)
FNDA:0,(anonymous_2)
FNDA:0,(anonymous_3)
FNDA:0,(anonymous_4)
FNDA:0,(anonymous_5)
FNDA:0,(anonymous_6)
FNDA:0,(anonymous_7)
FNDA:0,(anonymous_8)
FNDA:0,(anonymous_9)
FNDA:0,(anonymous_10)
FNDA:0,(anonymous_11)
FNDA:0,(anonymous_12)
FNDA:0,(anonymous_13)
FNDA:0,(anonymous_14)
FNDA:0,(anonymous_15)
FNDA:0,(anonymous_16)
FNDA:0,(anonymous_17)
FNDA:0,(anonymous_18)
FNDA:0,(anonymous_19)
FNDA:0,(anonymous_20)
FNDA:0,(anonymous_21)
FNDA:0,(anonymous_22)
FNDA:0,(anonymous_23)
FNDA:0,(anonymous_24)
FNDA:0,(anonymous_25)
FNDA:0,(anonymous_26)
FNDA:0,(anonymous_27)
FNDA:0,(anonymous_28)
FNDA:0,(anonymous_29)
FNDA:0,(anonymous_30)
FNDA:0,(anonymous_31)
FNDA:0,(anonymous_32)
DA:9,0
DA:15,0
DA:42,0
DA:57,0
DA:60,0
DA:61,0
DA:62,0
DA:65,0
DA:68,0
DA:69,0
DA:70,0
DA:71,0
DA:74,0
DA:77,0
DA:78,0
DA:89,0
DA:92,0
DA:93,0
DA:104,0
DA:107,0
DA:108,0
DA:112,0
DA:115,0
DA:116,0
DA:117,0
DA:118,0
DA:121,0
DA:124,0
DA:127,0
DA:130,0
DA:136,0
DA:137,0
DA:138,0
DA:139,0
DA:140,0
DA:143,0
DA:153,0
DA:169,0
DA:170,0
DA:173,0
DA:174,0
DA:176,0
DA:177,0
DA:178,0
DA:179,0
DA:180,0
DA:184,0
DA:200,0
DA:201,0
DA:204,0
DA:205,0
DA:206,0
DA:207,0
DA:208,0
DA:209,0
DA:210,0
DA:211,0
DA:212,0
DA:213,0
DA:215,0
DA:223,0
DA:224,0
DA:225,0
DA:226,0
DA:227,0
DA:228,0
DA:229,0
DA:237,0
DA:256,0
DA:257,0
DA:258,0
DA:259,0
DA:260,0
DA:261,0
DA:262,0
DA:263,0
DA:264,0
DA:265,0
DA:273,0
DA:274,0
DA:275,0
DA:283,0
DA:291,0
DA:292,0
DA:295,0
DA:296,0
DA:297,0
DA:298,0
DA:300,0
DA:313,0
DA:315,0
DA:316,0
DA:319,0
DA:320,0
DA:328,0
DA:330,0
DA:331,0
DA:334,0
DA:335,0
DA:344,0
DA:345,0
DA:346,0
DA:359,0
DA:360,0
DA:362,0
DA:363,0
DA:377,0
DA:378,0
DA:388,0
DA:397,0
DA:398,0
DA:400,0
DA:424,0
DA:425,0
DA:426,0
DA:427,0
DA:429,0
DA:431,0
DA:454,0
DA:455,0
DA:456,0
DA:458,0
DA:459,0
DA:460,0
DA:462,0
DA:470,0
DA:472,0
DA:480,0
DA:481,0
DA:482,0
DA:484,0
DA:486,0
DA:494,0
DA:495,0
DA:497,0
DA:498,0
DA:504,0
DA:505,0
DA:515,0
DA:537,0
DA:538,0
DA:540,0
DA:542,0
DA:543,0
DA:546,0
DA:548,0
DA:557,0
DA:558,0
DA:559,0
DA:563,0
DA:564,0
DA:566,0
DA:567,0
DA:571,0
DA:572,0
DA:573,0
DA:576,0
DA:577,0
DA:578,0
DA:580,0
DA:586,0
DA:588,0
DA:601,0
DA:602,0
DA:603,0
DA:604,0
DA:605,0
DA:608,0
DA:616,0
DA:617,0
DA:618,0
DA:619,0
DA:620,0
DA:623,0
DA:631,0
DA:632,0
DA:633,0
DA:636,0
DA:637,0
DA:638,0
DA:641,0
DA:648,0
LF:182
LH:0
BRDA:56,0,0,0
BRDA:87,1,0,0
BRDA:92,2,0,0
BRDA:92,2,1,0
BRDA:116,3,0,0
BRDA:116,3,1,0
BRDA:178,4,0,0
BRDA:178,4,1,0
BRDA:200,5,0,0
BRDA:200,5,1,0
BRDA:204,6,0,0
BRDA:204,6,1,0
BRDA:206,7,0,0
BRDA:206,7,1,0
BRDA:208,8,0,0
BRDA:208,8,1,0
BRDA:210,9,0,0
BRDA:210,9,1,0
BRDA:212,10,0,0
BRDA:212,10,1,0
BRDA:256,11,0,0
BRDA:256,11,1,0
BRDA:257,12,0,0
BRDA:257,12,1,0
BRDA:258,13,0,0
BRDA:258,13,1,0
BRDA:259,14,0,0
BRDA:259,14,1,0
BRDA:260,15,0,0
BRDA:260,15,1,0
BRDA:261,16,0,0
BRDA:261,16,1,0
BRDA:262,17,0,0
BRDA:262,17,1,0
BRDA:263,18,0,0
BRDA:263,18,1,0
BRDA:264,19,0,0
BRDA:264,19,1,0
BRDA:265,20,0,0
BRDA:265,20,1,0
BRDA:273,21,0,0
BRDA:273,21,1,0
BRDA:274,22,0,0
BRDA:274,22,1,0
BRDA:275,23,0,0
BRDA:275,23,1,0
BRDA:291,24,0,0
BRDA:291,24,1,0
BRDA:313,25,0,0
BRDA:313,25,1,0
BRDA:328,26,0,0
BRDA:328,26,1,0
BRDA:362,27,0,0
BRDA:362,27,1,0
BRDA:497,28,0,0
BRDA:497,28,1,0
BRDA:537,29,0,0
BRDA:542,30,0,0
BRDA:542,30,1,0
BRDA:558,31,0,0
BRDA:558,31,1,0
BRDA:566,32,0,0
BRDA:566,32,1,0
BRDA:566,33,0,0
BRDA:566,33,1,0
BRDA:604,34,0,0
BRDA:604,34,1,0
BRDA:604,35,0,0
BRDA:604,35,1,0
BRDA:619,36,0,0
BRDA:619,36,1,0
BRDA:619,37,0,0
BRDA:619,37,1,0
BRDA:633,38,0,0
BRDA:633,38,1,0
BRF:75
BRH:0
end_of_record
TN:
SF:algorithms/q.learning.js
FN:78,(anonymous_0)
FN:105,(anonymous_1)
FN:116,(anonymous_2)
FN:127,(anonymous_3)
FN:142,(anonymous_4)
FN:165,(anonymous_5)
FN:171,(anonymous_6)
FN:195,(anonymous_7)
FN:209,(anonymous_8)
FN:233,(anonymous_9)
FN:242,(anonymous_10)
FN:258,(anonymous_11)
FN:269,(anonymous_12)
FN:274,(anonymous_13)
FN:280,(anonymous_14)
FN:284,(anonymous_15)
FN:302,(anonymous_16)
FN:306,(anonymous_17)
FN:311,(anonymous_18)
FN:314,(anonymous_19)
FN:332,(anonymous_20)
FN:367,(anonymous_21)
FN:419,(anonymous_22)
FN:438,(anonymous_23)
FN:451,(anonymous_24)
FN:469,(anonymous_25)
FN:487,(anonymous_26)
FN:505,(anonymous_27)
FN:524,(anonymous_28)
FN:552,(anonymous_29)
FN:594,(anonymous_30)
FN:598,(anonymous_31)
FN:616,(anonymous_32)
FN:620,(anonymous_33)
FN:637,(anonymous_34)
FN:655,(anonymous_35)
FN:680,(anonymous_36)
FNF:37
FNH:0
FNDA:0,(anonymous_0)
FNDA:0,(anonymous_1)
FNDA:0,(anonymous_2)
FNDA:0,(anonymous_3)
FNDA:0,(anonymous_4)
FNDA:0,(anonymous_5)
FNDA:0,(anonymous_6)
FNDA:0,(anonymous_7)
FNDA:0,(anonymous_8)
FNDA:0,(anonymous_9)
FNDA:0,(anonymous_10)
FNDA:0,(anonymous_11)
FNDA:0,(anonymous_12)
FNDA:0,(anonymous_13)
FNDA:0,(anonymous_14)
FNDA:0,(anonymous_15)
FNDA:0,(anonymous_16)
FNDA:0,(anonymous_17)
FNDA:0,(anonymous_18)
FNDA:0,(anonymous_19)
FNDA:0,(anonymous_20)
FNDA:0,(anonymous_21)
FNDA:0,(anonymous_22)
FNDA:0,(anonymous_23)
FNDA:0,(anonymous_24)
FNDA:0,(anonymous_25)
FNDA:0,(anonymous_26)
FNDA:0,(anonymous_27)
FNDA:0,(anonymous_28)
FNDA:0,(anonymous_29)
FNDA:0,(anonymous_30)
FNDA:0,(anonymous_31)
FNDA:0,(anonymous_32)
FNDA:0,(anonymous_33)
FNDA:0,(anonymous_34)
FNDA:0,(anonymous_35)
FNDA:0,(anonymous_36)
DA:9,0
DA:15,0
DA:24,0
DA:34,0
DA:79,0
DA:82,0
DA:85,0
DA:86,0
DA:87,0
DA:90,0
DA:91,0
DA:94,0
DA:95,0
DA:96,0
DA:106,0
DA:107,0
DA:117,0
DA:118,0
DA:129,0
DA:130,0
DA:131,0
DA:139,0
DA:140,0
DA:142,0
DA:143,0
DA:144,0
DA:145,0
DA:146,0
DA:150,0
DA:167,0
DA:170,0
DA:171,0
DA:172,0
DA:173,0
DA:174,0
DA:179,0
DA:180,0
DA:181,0
DA:183,0
DA:185,0
DA:186,0
DA:188,0
DA:196,0
DA:199,0
DA:200,0
DA:210,0
DA:211,0
DA:214,0
DA:215,0
DA:217,0
DA:218,0
DA:219,0
DA:220,0
DA:221,0
DA:225,0
DA:234,0
DA:236,0
DA:237,0
DA:240,0
DA:242,0
DA:243,0
DA:244,0
DA:245,0
DA:248,0
DA:259,0
DA:270,0
DA:271,0
DA:274,0
DA:275,0
DA:276,0
DA:280,0
DA:281,0
DA:282,0
DA:284,0
DA:285,0
DA:286,0
DA:287,0
DA:288,0
DA:292,0
DA:295,0
DA:303,0
DA:304,0
DA:306,0
DA:307,0
DA:308,0
DA:311,0
DA:312,0
DA:314,0
DA:315,0
DA:316,0
DA:317,0
DA:321,0
DA:324,0
DA:333,0
DA:336,0
DA:337,0
DA:338,0
DA:339,0
DA:340,0
DA:344,0
DA:345,0
DA:349,0
DA:350,0
DA:351,0
DA:355,0
DA:356,0
DA:359,0
DA:368,0
DA:369,0
DA:371,0
DA:372,0
DA:375,0
DA:376,0
DA:377,0
DA:378,0
DA:382,0
DA:383,0
DA:385,0
DA:389,0
DA:390,0
DA:393,0
DA:394,0
DA:398,0
DA:399,0
DA:400,0
DA:401,0
DA:402,0
DA:403,0
DA:408,0
DA:409,0
DA:412,0
DA:420,0
DA:439,0
DA:452,0
DA:453,0
DA:455,0
DA:456,0
DA:458,0
DA:459,0
DA:461,0
DA:462,0
DA:470,0
DA:471,0
DA:472,0
DA:473,0
DA:474,0
DA:487,0
DA:488,0
DA:490,0
DA:492,0
DA:493,0
DA:496,0
DA:505,0
DA:506,0
DA:508,0
DA:524,0
DA:525,0
DA:528,0
DA:531,0
DA:533,0
DA:552,0
DA:553,0
DA:556,0
DA:557,0
DA:560,0
DA:563,0
DA:566,0
DA:569,0
DA:570,0
DA:571,0
DA:575,0
DA:578,0
DA:580,0
DA:594,0
DA:595,0
DA:597,0
DA:598,0
DA:605,0
DA:616,0
DA:617,0
DA:619,0
DA:620,0
DA:625,0
DA:637,0
DA:638,0
DA:647,0
DA:655,0
DA:656,0
DA:658,0
DA:659,0
DA:665,0
DA:666,0
DA:668,0
DA:680,0
DA:681,0
DA:682,0
DA:684,0
DA:686,0
DA:693,0
LF:199
LH:0
BRDA:78,0,0,0
BRDA:107,1,0,0
BRDA:107,1,1,0
BRDA:127,2,0,0
BRDA:129,3,0,0
BRDA:129,3,1,0
BRDA:144,4,0,0
BRDA:144,4,1,0
BRDA:173,5,0,0
BRDA:173,5,1,0
BRDA:199,6,0,0
BRDA:199,6,1,0
BRDA:210,7,0,0
BRDA:210,7,1,0
BRDA:219,8,0,0
BRDA:219,8,1,0
BRDA:233,9,0,0
BRDA:234,10,0,0
BRDA:234,10,1,0
BRDA:236,11,0,0
BRDA:236,11,1,0
BRDA:286,12,0,0
BRDA:286,12,1,0
BRDA:316,13,0,0
BRDA:316,13,1,0
BRDA:336,14,0,0
BRDA:336,14,1,0
BRDA:337,15,0,0
BRDA:337,15,1,0
BRDA:338,16,0,0
BRDA:338,16,1,0
BRDA:339,17,0,0
BRDA:339,17,1,0
BRDA:344,18,0,0
BRDA:344,18,1,0
BRDA:349,19,0,0
BRDA:349,19,1,0
BRDA:350,20,0,0
BRDA:350,20,1,0
BRDA:355,21,0,0
BRDA:355,21,1,0
BRDA:359,22,0,0
BRDA:359,22,1,0
BRDA:371,23,0,0
BRDA:371,23,1,0
BRDA:372,24,0,0
BRDA:372,24,1,0
BRDA:375,25,0,0
BRDA:375,25,1,0
BRDA:377,26,0,0
BRDA:377,26,1,0
BRDA:382,27,0,0
BRDA:382,27,1,0
BRDA:389,28,0,0
BRDA:389,28,1,0
BRDA:389,29,0,0
BRDA:389,29,1,0
BRDA:393,30,0,0
BRDA:393,30,1,0
BRDA:398,31,0,0
BRDA:398,31,1,0
BRDA:399,32,0,0
BRDA:399,32,1,0
BRDA:400,33,0,0
BRDA:400,33,1,0
BRDA:402,34,0,0
BRDA:402,34,1,0
BRDA:408,35,0,0
BRDA:408,35,1,0
BRDA:408,36,0,0
BRDA:408,36,1,0
BRDA:428,37,0,0
BRDA:428,37,1,0
BRDA:452,38,0,0
BRDA:452,38,1,0
BRDA:455,39,0,0
BRDA:455,39,1,0
BRDA:458,40,0,0
BRDA:458,40,1,0
BRDA:461,41,0,0
BRDA:461,41,1,0
BRDA:492,42,0,0
BRDA:492,42,1,0
BRDA:492,43,0,0
BRDA:492,43,1,0
BRDA:570,44,0,0
BRDA:570,44,1,0
BRDA:647,45,0,0
BRDA:647,45,1,0
BRDA:658,46,0,0
BRDA:658,46,1,0
BRDA:658,47,0,0
BRDA:658,47,1,0
BRF:93
BRH:0
end_of_record
TN:
SF:config/constants.js
FNF:0
FNH:0
DA:12,1
DA:19,1
DA:30,1
DA:43,1
DA:58,1
DA:77,1
DA:84,1
DA:92,1
DA:278,1
DA:300,1
DA:320,1
DA:328,1
DA:334,1
DA:340,1
DA:348,1
DA:358,1
DA:364,1
DA:373,1
DA:385,1
DA:392,1
DA:400,1
DA:414,1
DA:416,1
DA:418,1
DA:433,1
DA:452,1
DA:474,1
DA:493,1
DA:508,1
DA:528,1
DA:571,1
DA:586,1
DA:600,1
DA:610,1
DA:624,1
DA:636,1
LF:36
LH:36
BRDA:341,0,0,1
BRDA:341,0,1,1
BRDA:342,1,0,1
BRDA:342,1,1,1
BRDA:343,2,0,1
BRDA:343,2,1,1
BRDA:359,3,0,1
BRDA:359,3,1,1
BRDA:360,4,0,1
BRDA:360,4,1,1
BRDA:361,5,0,1
BRDA:361,5,1,1
BRDA:388,6,0,1
BRDA:388,6,1,1
BRDA:389,7,0,1
BRDA:389,7,1,1
BRDA:393,8,0,1
BRDA:393,8,1,1
BRDA:394,9,0,1
BRDA:394,9,1,1
BRDA:395,10,0,1
BRDA:395,10,1,1
BRDA:401,11,0,1
BRDA:401,11,1,1
BRDA:434,12,0,1
BRDA:434,12,1,1
BRDA:435,13,0,1
BRDA:435,13,1,1
BRDA:436,14,0,1
BRDA:436,14,1,1
BRDA:453,15,0,1
BRDA:453,15,1,1
BRDA:455,16,0,1
BRDA:455,16,1,1
BRDA:456,17,0,1
BRDA:456,17,1,1
BRDA:466,18,0,1
BRDA:466,18,1,1
BRDA:476,19,0,1
BRDA:476,19,1,1
BRDA:477,20,0,1
BRDA:477,20,1,1
BRDA:480,21,0,1
BRDA:480,21,1,1
BRDA:481,22,0,1
BRDA:481,22,1,1
BRDA:484,23,0,1
BRDA:484,23,1,1
BRDA:485,24,0,1
BRDA:485,24,1,1
BRF:50
BRH:50
end_of_record
TN:
SF:config/database.js
FN:45,(anonymous_0)
FN:78,(anonymous_1)
FN:92,(anonymous_2)
FN:114,(anonymous_3)
FN:119,(anonymous_4)
FN:124,(anonymous_5)
FN:129,(anonymous_6)
FN:134,(anonymous_7)
FN:139,(anonymous_8)
FN:153,(anonymous_9)
FN:182,(anonymous_10)
FN:208,(anonymous_11)
FN:237,(anonymous_12)
FN:283,(anonymous_13)
FN:332,(anonymous_14)
FNF:15
FNH:0
FNDA:0,(anonymous_0)
FNDA:0,(anonymous_1)
FNDA:0,(anonymous_2)
FNDA:0,(anonymous_3)
FNDA:0,(anonymous_4)
FNDA:0,(anonymous_5)
FNDA:0,(anonymous_6)
FNDA:0,(anonymous_7)
FNDA:0,(anonymous_8)
FNDA:0,(anonymous_9)
FNDA:0,(anonymous_10)
FNDA:0,(anonymous_11)
FNDA:0,(anonymous_12)
FNDA:0,(anonymous_13)
FNDA:0,(anonymous_14)
DA:16,0
DA:17,0
DA:23,0
DA:45,0
DA:46,0
DA:47,0
DA:50,0
DA:51,0
DA:55,0
DA:57,0
DA:59,0
DA:60,0
DA:61,0
DA:62,0
DA:65,0
DA:66,0
DA:69,0
DA:78,0
DA:79,0
DA:80,0
DA:81,0
DA:83,0
DA:84,0
DA:92,0
DA:93,0
DA:100,0
DA:114,0
DA:115,0
DA:119,0
DA:120,0
DA:124,0
DA:125,0
DA:129,0
DA:130,0
DA:134,0
DA:135,0
DA:139,0
DA:140,0
DA:141,0
DA:142,0
DA:153,0
DA:154,0
DA:155,0
DA:158,0
DA:161,0
DA:162,0
DA:163,0
DA:164,0
DA:167,0
DA:169,0
DA:182,0
DA:183,0
DA:184,0
DA:185,0
DA:187,0
DA:198,0
DA:199,0
DA:208,0
DA:209,0
DA:210,0
DA:211,0
DA:213,0
DA:223,0
DA:224,0
DA:237,0
DA:238,0
DA:239,0
DA:240,0
DA:242,0
DA:244,0
DA:245,0
DA:248,0
DA:249,0
DA:250,0
DA:251,0
DA:252,0
DA:256,0
DA:257,0
DA:258,0
DA:262,0
DA:264,0
DA:266,0
DA:273,0
DA:274,0
DA:283,0
DA:284,0
DA:285,0
DA:287,0
DA:290,0
DA:292,0
DA:295,0
DA:296,0
DA:297,0
DA:303,0
DA:304,0
DA:305,0
DA:306,0
DA:311,0
DA:313,0
DA:319,0
DA:320,0
DA:332,0
DA:333,0
DA:334,0
DA:336,0
DA:338,0
DA:340,0
DA:347,0
DA:354,0
DA:366,0
LF:110
LH:0
BRDA:25,0,0,0
BRDA:25,0,1,0
BRDA:26,1,0,0
BRDA:26,1,1,0
BRDA:50,2,0,0
BRDA:50,2,1,0
BRDA:257,3,0,0
BRDA:257,3,1,0
BRDA:296,4,0,0
BRDA:296,4,1,0
BRDA:303,5,0,0
BRDA:303,5,1,0
BRDA:336,6,0,0
BRDA:336,6,1,0
BRF:14
BRH:0
end_of_record
TN:
SF:config/jwt.js
FN:62,(anonymous_0)
FN:107,(anonymous_1)
FN:150,(anonymous_2)
FN:168,(anonymous_3)
FN:205,(anonymous_4)
FN:240,(anonymous_5)
FN:260,(anonymous_6)
FN:303,(anonymous_7)
FN:308,(anonymous_8)
FN:324,(anonymous_9)
FN:332,(anonymous_10)
FN:347,(anonymous_11)
FN:365,(anonymous_12)
FN:385,(anonymous_13)
FN:395,(anonymous_14)
FN:410,(anonymous_15)
FN:430,(anonymous_16)
FN:444,(anonymous_17)
FNF:18
FNH:0
FNDA:0,(anonymous_0)
FNDA:0,(anonymous_1)
FNDA:0,(anonymous_2)
FNDA:0,(anonymous_3)
FNDA:0,(anonymous_4)
FNDA:0,(anonymous_5)
FNDA:0,(anonymous_6)
FNDA:0,(anonymous_7)
FNDA:0,(anonymous_8)
FNDA:0,(anonymous_9)
FNDA:0,(anonymous_10)
FNDA:0,(anonymous_11)
FNDA:0,(anonymous_12)
FNDA:0,(anonymous_13)
FNDA:0,(anonymous_14)
FNDA:0,(anonymous_15)
FNDA:0,(anonymous_16)
FNDA:0,(anonymous_17)
DA:16,1
DA:17,1
DA:23,1
DA:42,1
DA:43,0
DA:44,0
DA:45,0
DA:62,1
DA:63,0
DA:65,0
DA:66,0
DA:70,0
DA:80,0
DA:91,0
DA:93,0
DA:95,0
DA:96,0
DA:107,1
DA:108,0
DA:110,0
DA:111,0
DA:115,0
DA:123,0
DA:134,0
DA:136,0
DA:138,0
DA:139,0
DA:150,1
DA:151,0
DA:168,1
DA:169,0
DA:170,0
DA:181,0
DA:182,0
DA:185,0
DA:187,0
DA:188,0
DA:189,0
DA:190,0
DA:191,0
DA:192,0
DA:194,0
DA:205,1
DA:206,0
DA:207,0
DA:218,0
DA:219,0
DA:222,0
DA:224,0
DA:225,0
DA:226,0
DA:227,0
DA:229,0
DA:240,1
DA:241,0
DA:242,0
DA:244,0
DA:245,0
DA:260,1
DA:261,0
DA:263,0
DA:266,0
DA:267,0
DA:268,0
DA:272,0
DA:277,0
DA:279,0
DA:284,0
DA:285,0
DA:294,1
DA:303,1
DA:304,0
DA:305,0
DA:308,0
DA:309,0
DA:312,0
DA:314,0
DA:324,1
DA:325,0
DA:332,1
DA:333,0
DA:334,0
DA:347,1
DA:348,0
DA:349,0
DA:350,0
DA:351,0
DA:353,0
DA:355,0
DA:365,1
DA:366,0
DA:367,0
DA:368,0
DA:370,0
DA:371,0
DA:373,0
DA:375,0
DA:385,1
DA:386,0
DA:395,1
DA:396,0
DA:397,0
DA:398,0
DA:400,0
DA:410,1
DA:411,0
DA:412,0
DA:413,0
DA:415,0
DA:430,1
DA:431,0
DA:434,0
DA:435,0
DA:444,1
DA:445,0
DA:448,0
DA:450,0
DA:451,0
DA:454,0
DA:461,1
LF:120
LH:23
BRDA:27,0,0,1
BRDA:27,0,1,0
BRDA:28,1,0,1
BRDA:28,1,1,1
BRDA:29,2,0,1
BRDA:29,2,1,1
BRDA:34,3,0,1
BRDA:34,3,1,1
BRDA:35,4,0,1
BRDA:35,4,1,1
BRDA:36,5,0,1
BRDA:36,5,1,1
BRDA:37,6,0,1
BRDA:37,6,1,1
BRDA:42,7,0,0
BRDA:42,7,1,1
BRDA:42,8,0,1
BRDA:42,8,1,1
BRDA:65,9,0,0
BRDA:65,9,1,0
BRDA:65,10,0,0
BRDA:65,10,1,0
BRDA:110,11,0,0
BRDA:110,11,1,0
BRDA:110,12,0,0
BRDA:110,12,1,0
BRDA:181,13,0,0
BRDA:181,13,1,0
BRDA:187,14,0,0
BRDA:187,14,1,0
BRDA:189,15,0,0
BRDA:189,15,1,0
BRDA:191,16,0,0
BRDA:191,16,1,0
BRDA:218,17,0,0
BRDA:218,17,1,0
BRDA:224,18,0,0
BRDA:224,18,1,0
BRDA:226,19,0,0
BRDA:226,19,1,0
BRDA:267,20,0,0
BRDA:267,20,1,0
BRDA:350,21,0,0
BRDA:350,21,1,0
BRDA:350,22,0,0
BRDA:350,22,1,0
BRDA:368,23,0,0
BRDA:368,23,1,0
BRDA:398,24,0,0
BRDA:398,24,1,0
BRDA:413,25,0,0
BRDA:413,25,1,0
BRDA:431,26,0,0
BRDA:431,26,1,0
BRDA:431,27,0,0
BRDA:431,27,1,0
BRDA:445,28,0,0
BRDA:445,28,1,0
BRDA:450,29,0,0
BRDA:450,29,1,0
BRDA:450,30,0,0
BRDA:450,30,1,0
BRF:62
BRH:16
end_of_record
TN:
SF:config/mistral.js
FN:74,(anonymous_0)
FN:78,(anonymous_1)
FN:86,(anonymous_2)
FN:90,(anonymous_3)
FN:113,(anonymous_4)
FN:128,(anonymous_5)
FN:136,(anonymous_6)
FN:157,(anonymous_7)
FN:180,(anonymous_8)
FN:220,(anonymous_9)
FN:228,(anonymous_10)
FN:240,(anonymous_11)
FN:260,(anonymous_12)
FN:339,(anonymous_13)
FN:411,(anonymous_14)
FN:461,(anonymous_15)
FN:488,(anonymous_16)
FN:515,(anonymous_17)
FN:529,(anonymous_18)
FN:540,(anonymous_19)
FN:547,(anonymous_20)
FNF:21
FNH:0
FNDA:0,(anonymous_0)
FNDA:0,(anonymous_1)
FNDA:0,(anonymous_2)
FNDA:0,(anonymous_3)
FNDA:0,(anonymous_4)
FNDA:0,(anonymous_5)
FNDA:0,(anonymous_6)
FNDA:0,(anonymous_7)
FNDA:0,(anonymous_8)
FNDA:0,(anonymous_9)
FNDA:0,(anonymous_10)
FNDA:0,(anonymous_11)
FNDA:0,(anonymous_12)
FNDA:0,(anonymous_13)
FNDA:0,(anonymous_14)
FNDA:0,(anonymous_15)
FNDA:0,(anonymous_16)
FNDA:0,(anonymous_17)
FNDA:0,(anonymous_18)
FNDA:0,(anonymous_19)
FNDA:0,(anonymous_20)
DA:16,1
DA:17,1
DA:23,1
DA:48,1
DA:49,0
DA:50,0
DA:52,0
DA:53,0
DA:55,0
DA:63,1
DA:73,1
DA:75,0
DA:76,0
DA:79,0
DA:80,0
DA:85,1
DA:87,0
DA:88,0
DA:91,0
DA:92,0
DA:93,0
DA:94,0
DA:96,0
DA:98,0
DA:106,1
DA:107,1
DA:113,1
DA:114,0
DA:117,0
DA:118,0
DA:119,0
DA:122,0
DA:128,1
DA:129,0
DA:136,1
DA:137,0
DA:139,0
DA:140,0
DA:143,0
DA:157,1
DA:158,0
DA:160,0
DA:161,0
DA:165,0
DA:175,0
DA:176,0
DA:180,0
DA:181,0
DA:185,0
DA:188,0
DA:197,0
DA:200,0
DA:201,0
DA:202,0
DA:209,0
DA:220,1
DA:221,0
DA:222,0
DA:224,0
DA:225,0
DA:226,0
DA:228,0
DA:229,0
DA:231,0
DA:240,1
DA:241,0
DA:243,0
DA:246,0
DA:260,1
DA:267,0
DA:269,0
DA:307,0
DA:308,0
DA:317,0
DA:320,0
DA:321,0
DA:324,0
DA:327,0
DA:328,0
DA:339,1
DA:346,0
DA:348,0
DA:379,0
DA:380,0
DA:389,0
DA:392,0
DA:393,0
DA:396,0
DA:399,0
DA:400,0
DA:411,1
DA:418,0
DA:420,0
DA:436,0
DA:437,0
DA:442,0
DA:445,0
DA:448,0
DA:461,1
DA:462,0
DA:464,0
DA:465,0
DA:466,0
DA:469,0
DA:470,0
DA:474,0
DA:475,0
DA:476,0
DA:480,0
DA:488,1
DA:489,0
DA:491,0
DA:492,0
DA:493,0
DA:497,0
DA:498,0
DA:500,0
DA:507,1
DA:508,1
DA:509,1
DA:515,1
DA:516,0
DA:529,1
DA:530,0
DA:531,0
DA:532,0
DA:533,0
DA:534,0
DA:535,0
DA:539,1
DA:541,0
DA:542,0
DA:543,0
DA:545,0
DA:548,0
DA:549,0
DA:550,0
DA:558,1
LF:138
LH:27
BRDA:29,0,0,1
BRDA:29,0,1,1
BRDA:30,1,0,1
BRDA:30,1,1,1
BRDA:33,2,0,1
BRDA:33,2,1,1
BRDA:34,3,0,1
BRDA:34,3,1,1
BRDA:38,4,0,1
BRDA:38,4,1,1
BRDA:48,5,0,0
BRDA:48,5,1,1
BRDA:52,6,0,0
BRDA:52,6,1,0
BRDA:91,7,0,0
BRDA:91,7,1,0
BRDA:92,8,0,0
BRDA:92,8,1,0
BRDA:93,9,0,0
BRDA:93,9,1,0
BRDA:117,10,0,0
BRDA:117,10,1,0
BRDA:139,11,0,0
BRDA:139,11,1,0
BRDA:157,12,0,0
BRDA:160,13,0,0
BRDA:160,13,1,0
BRDA:166,14,0,0
BRDA:166,14,1,0
BRDA:168,15,0,0
BRDA:168,15,1,0
BRDA:169,16,0,0
BRDA:169,16,1,0
BRDA:170,17,0,0
BRDA:170,17,1,0
BRDA:175,18,0,0
BRDA:175,18,1,0
BRDA:200,19,0,0
BRDA:200,19,1,0
BRDA:200,20,0,0
BRDA:200,20,1,0
BRDA:220,21,0,0
BRDA:224,22,0,0
BRDA:224,22,1,0
BRDA:224,23,0,0
BRDA:224,23,1,0
BRDA:241,24,0,0
BRDA:241,24,1,0
BRDA:246,25,0,0
BRDA:246,25,1,0
BRDA:246,25,2,0
BRDA:266,26,0,0
BRDA:320,27,0,0
BRDA:320,27,1,0
BRDA:392,28,0,0
BRDA:392,28,1,0
BRDA:462,29,0,0
BRDA:462,29,1,0
BRDA:462,30,0,0
BRDA:462,30,1,0
BRDA:466,31,0,0
BRDA:466,31,1,0
BRDA:469,32,0,0
BRDA:469,32,1,0
BRDA:469,33,0,0
BRDA:469,33,1,0
BRDA:475,34,0,0
BRDA:475,34,1,0
BRDA:475,35,0,0
BRDA:475,35,1,0
BRDA:475,35,2,0
BRDA:489,36,0,0
BRDA:489,36,1,0
BRDA:489,37,0,0
BRDA:489,37,1,0
BRDA:493,38,0,0
BRDA:493,38,1,0
BRDA:497,39,0,0
BRDA:497,39,1,0
BRDA:497,40,0,0
BRDA:497,40,1,0
BRDA:498,41,0,0
BRDA:498,41,1,0
BRDA:498,42,0,0
BRDA:498,42,1,0
BRDA:520,43,0,0
BRDA:520,43,1,0
BRDA:542,44,0,0
BRDA:542,44,1,0
BRF:89
BRH:11
end_of_record
TN:
SF:config/sendgrid.js
FN:69,(anonymous_0)
FN:140,(anonymous_1)
FN:186,(anonymous_2)
FN:263,(anonymous_3)
FN:349,(anonymous_4)
FN:438,(anonymous_5)
FN:509,(anonymous_6)
FN:524,(anonymous_7)
FN:539,(anonymous_8)
FN:548,(anonymous_9)
FNF:10
FNH:0
FNDA:0,(anonymous_0)
FNDA:0,(anonymous_1)
FNDA:0,(anonymous_2)
FNDA:0,(anonymous_3)
FNDA:0,(anonymous_4)
FNDA:0,(anonymous_5)
FNDA:0,(anonymous_6)
FNDA:0,(anonymous_7)
FNDA:0,(anonymous_8)
FNDA:0,(anonymous_9)
DA:16,1
DA:17,1
DA:23,1
DA:43,1
DA:44,1
DA:45,1
DA:47,0
DA:49,0
DA:50,0
DA:69,1
DA:70,0
DA:72,0
DA:73,0
DA:74,0
DA:78,0
DA:79,0
DA:83,0
DA:99,0
DA:100,0
DA:103,0
DA:104,0
DA:108,0
DA:110,0
DA:111,0
DA:113,0
DA:120,0
DA:122,0
DA:123,0
DA:126,0
DA:140,1
DA:141,0
DA:142,0
DA:143,0
DA:144,0
DA:147,0
DA:157,0
DA:159,0
DA:161,0
DA:167,0
DA:168,0
DA:186,1
DA:187,0
DA:189,0
DA:191,0
DA:241,0
DA:254,0
DA:263,1
DA:264,0
DA:266,0
DA:268,0
DA:325,0
DA:340,0
DA:349,1
DA:350,0
DA:352,0
DA:354,0
DA:415,0
DA:428,0
DA:438,1
DA:439,0
DA:441,0
DA:443,0
DA:481,0
DA:494,0
DA:509,1
DA:510,0
DA:512,0
DA:513,0
DA:514,0
DA:518,0
DA:520,0
DA:524,0
DA:525,0
DA:527,0
DA:539,1
DA:540,0
DA:541,0
DA:548,1
DA:549,0
DA:561,1
LF:80
LH:16
BRDA:25,0,0,1
BRDA:25,0,1,1
BRDA:26,1,0,1
BRDA:26,1,1,1
BRDA:43,2,0,1
BRDA:43,2,1,0
BRDA:49,3,0,0
BRDA:49,3,1,0
BRDA:72,4,0,0
BRDA:72,4,1,0
BRDA:72,5,0,0
BRDA:72,5,1,0
BRDA:78,6,0,0
BRDA:78,6,1,0
BRDA:78,7,0,0
BRDA:78,7,1,0
BRDA:99,8,0,0
BRDA:99,8,1,0
BRDA:100,9,0,0
BRDA:100,9,1,0
BRDA:103,10,0,0
BRDA:103,10,1,0
BRDA:122,11,0,0
BRDA:122,11,1,0
BRDA:142,12,0,0
BRDA:142,12,1,0
BRDA:142,13,0,0
BRDA:142,13,1,0
BRDA:154,14,0,0
BRDA:154,14,1,0
BRDA:314,15,0,0
BRDA:314,15,1,0
BRF:32
BRH:5
end_of_record
TN:
SF:config/swagger.js
FNF:0
FNH:0
DA:12,1
DA:387,1
DA:396,1
LF:3
LH:3
BRDA:77,0,0,0
BRDA:77,0,1,1
BRDA:80,1,0,0
BRDA:80,1,1,1
BRF:4
BRH:2
end_of_record
TN:
SF:controllers/admin.controller.js
FN:30,(anonymous_0)
FN:75,(anonymous_1)
FN:89,(anonymous_2)
FN:147,(anonymous_3)
FN:208,(anonymous_4)
FN:234,(anonymous_5)
FN:245,(anonymous_6)
FN:307,(anonymous_7)
FN:360,(anonymous_8)
FN:389,(anonymous_9)
FN:452,(anonymous_10)
FN:512,(anonymous_11)
FN:574,(anonymous_12)
FN:634,(anonymous_13)
FN:694,(anonymous_14)
FN:761,(anonymous_15)
FN:822,(anonymous_16)
FN:858,(anonymous_17)
FN:965,(anonymous_18)
FN:1030,(anonymous_19)
FN:1059,(anonymous_20)
FN:1122,(anonymous_21)
FN:1147,(anonymous_22)
FN:1188,(anonymous_23)
FN:1259,(anonymous_24)
FN:1298,(anonymous_25)
FN:1353,(anonymous_26)
FN:1399,(anonymous_27)
FN:1445,(anonymous_28)
FN:1475,(anonymous_29)
FNF:30
FNH:0
FNDA:0,(anonymous_0)
FNDA:0,(anonymous_1)
FNDA:0,(anonymous_2)
FNDA:0,(anonymous_3)
FNDA:0,(anonymous_4)
FNDA:0,(anonymous_5)
FNDA:0,(anonymous_6)
FNDA:0,(anonymous_7)
FNDA:0,(anonymous_8)
FNDA:0,(anonymous_9)
FNDA:0,(anonymous_10)
FNDA:0,(anonymous_11)
FNDA:0,(anonymous_12)
FNDA:0,(anonymous_13)
FNDA:0,(anonymous_14)
FNDA:0,(anonymous_15)
FNDA:0,(anonymous_16)
FNDA:0,(anonymous_17)
FNDA:0,(anonymous_18)
FNDA:0,(anonymous_19)
FNDA:0,(anonymous_20)
FNDA:0,(anonymous_21)
FNDA:0,(anonymous_22)
FNDA:0,(anonymous_23)
FNDA:0,(anonymous_24)
FNDA:0,(anonymous_25)
FNDA:0,(anonymous_26)
FNDA:0,(anonymous_27)
FNDA:0,(anonymous_28)
FNDA:0,(anonymous_29)
DA:18,1
DA:19,1
DA:30,1
DA:31,0
DA:32,0
DA:34,0
DA:35,0
DA:42,0
DA:43,0
DA:44,0
DA:45,0
DA:47,0
DA:48,0
DA:55,0
DA:61,0
DA:62,0
DA:75,1
DA:76,0
DA:77,0
DA:88,0
DA:89,0
DA:90,0
DA:91,0
DA:95,0
DA:96,0
DA:102,0
DA:108,0
DA:109,0
DA:115,0
DA:126,0
DA:133,0
DA:134,0
DA:147,1
DA:148,0
DA:149,0
DA:151,0
DA:152,0
DA:159,0
DA:162,0
DA:163,0
DA:176,0
DA:179,0
DA:182,0
DA:185,0
DA:187,0
DA:208,0
DA:220,0
DA:221,0
DA:234,1
DA:235,0
DA:236,0
DA:244,0
DA:245,0
DA:246,0
DA:247,0
DA:251,0
DA:252,0
DA:258,0
DA:260,0
DA:261,0
DA:268,0
DA:269,0
DA:271,0
DA:282,0
DA:289,0
DA:290,0
DA:307,1
DA:308,0
DA:309,0
DA:311,0
DA:313,0
DA:315,0
DA:316,0
DA:319,0
DA:320,0
DA:323,0
DA:325,0
DA:330,0
DA:332,0
DA:346,0
DA:347,0
DA:360,1
DA:361,0
DA:362,0
DA:364,0
DA:366,0
DA:375,0
DA:376,0
DA:389,1
DA:390,0
DA:391,0
DA:394,0
DA:395,0
DA:402,0
DA:403,0
DA:404,0
DA:411,0
DA:418,0
DA:420,0
DA:431,0
DA:438,0
DA:439,0
DA:452,1
DA:453,0
DA:454,0
DA:455,0
DA:457,0
DA:458,0
DA:464,0
DA:465,0
DA:471,0
DA:472,0
DA:478,0
DA:480,0
DA:491,0
DA:498,0
DA:499,0
DA:512,1
DA:513,0
DA:514,0
DA:516,0
DA:517,0
DA:523,0
DA:524,0
DA:526,0
DA:527,0
DA:533,0
DA:534,0
DA:540,0
DA:542,0
DA:553,0
DA:560,0
DA:561,0
DA:574,1
DA:575,0
DA:576,0
DA:577,0
DA:579,0
DA:580,0
DA:586,0
DA:587,0
DA:593,0
DA:594,0
DA:600,0
DA:602,0
DA:613,0
DA:620,0
DA:621,0
DA:634,1
DA:635,0
DA:636,0
DA:637,0
DA:639,0
DA:640,0
DA:646,0
DA:647,0
DA:653,0
DA:654,0
DA:660,0
DA:662,0
DA:673,0
DA:680,0
DA:681,0
DA:694,1
DA:695,0
DA:696,0
DA:697,0
DA:699,0
DA:700,0
DA:706,0
DA:707,0
DA:714,0
DA:716,0
DA:717,0
DA:723,0
DA:724,0
DA:726,0
DA:737,0
DA:743,0
DA:744,0
DA:761,1
DA:762,0
DA:763,0
DA:765,0
DA:767,0
DA:769,0
DA:770,0
DA:773,0
DA:774,0
DA:777,0
DA:778,0
DA:784,0
DA:786,0
DA:792,0
DA:794,0
DA:808,0
DA:809,0
DA:822,1
DA:823,0
DA:824,0
DA:825,0
DA:827,0
DA:833,0
DA:844,0
DA:845,0
DA:858,1
DA:859,0
DA:860,0
DA:861,0
DA:863,0
DA:864,0
DA:871,0
DA:872,0
DA:878,0
DA:883,0
DA:884,0
DA:886,0
DA:887,0
DA:891,0
DA:895,0
DA:896,0
DA:897,0
DA:901,0
DA:905,0
DA:911,0
DA:914,0
DA:915,0
DA:918,0
DA:925,0
DA:940,0
DA:951,0
DA:952,0
DA:965,1
DA:966,0
DA:967,0
DA:968,0
DA:970,0
DA:971,0
DA:977,0
DA:978,0
DA:985,0
DA:988,0
DA:990,0
DA:991,0
DA:992,0
DA:995,0
DA:1006,0
DA:1012,0
DA:1013,0
DA:1030,1
DA:1031,0
DA:1032,0
DA:1034,0
DA:1036,0
DA:1045,0
DA:1046,0
DA:1059,1
DA:1060,0
DA:1061,0
DA:1064,0
DA:1065,0
DA:1066,0
DA:1072,0
DA:1073,0
DA:1080,0
DA:1085,0
DA:1101,0
DA:1108,0
DA:1109,0
DA:1122,1
DA:1123,0
DA:1124,0
DA:1126,0
DA:1130,0
DA:1131,0
DA:1137,0
DA:1138,0
DA:1144,0
DA:1145,0
DA:1147,0
DA:1148,0
DA:1149,0
DA:1153,0
DA:1154,0
DA:1156,0
DA:1167,0
DA:1174,0
DA:1175,0
DA:1188,1
DA:1189,0
DA:1190,0
DA:1192,0
DA:1196,0
DA:1197,0
DA:1203,0
DA:1204,0
DA:1211,0
DA:1215,0
DA:1216,0
DA:1222,0
DA:1224,0
DA:1235,0
DA:1241,0
DA:1242,0
DA:1259,1
DA:1260,0
DA:1261,0
DA:1263,0
DA:1265,0
DA:1267,0
DA:1268,0
DA:1271,0
DA:1275,0
DA:1284,0
DA:1285,0
DA:1298,1
DA:1299,0
DA:1300,0
DA:1301,0
DA:1303,0
DA:1304,0
DA:1313,0
DA:1321,0
DA:1332,0
DA:1339,0
DA:1340,0
DA:1353,1
DA:1354,0
DA:1355,0
DA:1358,0
DA:1359,0
DA:1360,0
DA:1363,0
DA:1369,0
DA:1371,0
DA:1385,0
DA:1386,0
DA:1399,1
DA:1400,0
DA:1401,0
DA:1404,0
DA:1419,0
DA:1427,0
DA:1428,0
DA:1445,1
DA:1446,0
DA:1447,0
DA:1448,0
DA:1450,0
DA:1452,0
DA:1461,0
DA:1462,0
DA:1475,1
DA:1476,0
DA:1477,0
DA:1478,0
DA:1480,0
DA:1482,0
DA:1491,0
DA:1492,0
DA:1500,1
LF:361
LH:29
BRDA:34,0,0,0
BRDA:34,0,1,0
BRDA:90,1,0,0
BRDA:90,1,1,0
BRDA:95,2,0,0
BRDA:95,2,1,0
BRDA:108,3,0,0
BRDA:108,3,1,0
BRDA:151,4,0,0
BRDA:151,4,1,0
BRDA:191,5,0,0
BRDA:191,5,1,0
BRDA:192,6,0,0
BRDA:192,6,1,0
BRDA:193,7,0,0
BRDA:193,7,1,0
BRDA:195,8,0,0
BRDA:195,8,1,0
BRDA:196,9,0,0
BRDA:196,9,1,0
BRDA:197,10,0,0
BRDA:197,10,1,0
BRDA:198,11,0,0
BRDA:198,11,1,0
BRDA:246,12,0,0
BRDA:246,12,1,0
BRDA:251,13,0,0
BRDA:251,13,1,0
BRDA:260,14,0,0
BRDA:260,14,1,0
BRDA:311,15,0,0
BRDA:311,16,0,0
BRDA:315,17,0,0
BRDA:315,17,1,0
BRDA:319,18,0,0
BRDA:319,18,1,0
BRDA:394,19,0,0
BRDA:394,19,1,0
BRDA:403,20,0,0
BRDA:403,20,1,0
BRDA:457,21,0,0
BRDA:457,21,1,0
BRDA:464,22,0,0
BRDA:464,22,1,0
BRDA:471,23,0,0
BRDA:471,23,1,0
BRDA:516,24,0,0
BRDA:516,24,1,0
BRDA:526,25,0,0
BRDA:526,25,1,0
BRDA:533,26,0,0
BRDA:533,26,1,0
BRDA:579,27,0,0
BRDA:579,27,1,0
BRDA:586,28,0,0
BRDA:586,28,1,0
BRDA:593,29,0,0
BRDA:593,29,1,0
BRDA:639,30,0,0
BRDA:639,30,1,0
BRDA:646,31,0,0
BRDA:646,31,1,0
BRDA:653,32,0,0
BRDA:653,32,1,0
BRDA:653,33,0,0
BRDA:653,33,1,0
BRDA:699,34,0,0
BRDA:699,34,1,0
BRDA:706,35,0,0
BRDA:706,35,1,0
BRDA:716,36,0,0
BRDA:716,36,1,0
BRDA:765,37,0,0
BRDA:765,38,0,0
BRDA:769,39,0,0
BRDA:769,39,1,0
BRDA:773,40,0,0
BRDA:773,40,1,0
BRDA:777,41,0,0
BRDA:777,41,1,0
BRDA:863,42,0,0
BRDA:863,42,1,0
BRDA:863,43,0,0
BRDA:863,43,1,0
BRDA:863,43,2,0
BRDA:871,44,0,0
BRDA:871,44,1,0
BRDA:886,45,0,0
BRDA:886,45,1,0
BRDA:886,46,0,0
BRDA:886,46,1,0
BRDA:886,46,2,0
BRDA:886,46,3,0
BRDA:896,47,0,0
BRDA:896,47,1,0
BRDA:908,48,0,0
BRDA:908,48,1,0
BRDA:970,49,0,0
BRDA:970,49,1,0
BRDA:977,50,0,0
BRDA:977,50,1,0
BRDA:991,51,0,0
BRDA:991,51,1,0
BRDA:1065,52,0,0
BRDA:1065,52,1,0
BRDA:1072,53,0,0
BRDA:1072,53,1,0
BRDA:1130,54,0,0
BRDA:1130,54,1,0
BRDA:1137,55,0,0
BRDA:1137,55,1,0
BRDA:1148,56,0,0
BRDA:1148,56,1,0
BRDA:1196,57,0,0
BRDA:1196,57,1,0
BRDA:1203,58,0,0
BRDA:1203,58,1,0
BRDA:1215,59,0,0
BRDA:1215,59,1,0
BRDA:1263,60,0,0
BRDA:1267,61,0,0
BRDA:1267,61,1,0
BRDA:1303,62,0,0
BRDA:1303,62,1,0
BRDA:1303,63,0,0
BRDA:1303,63,1,0
BRDA:1303,63,2,0
BRDA:1378,64,0,0
BRDA:1378,64,1,0
BRDA:1448,65,0,0
BRDA:1478,66,0,0
BRF:131
BRH:0
end_of_record
TN:
SF:controllers/analytics.controller.js
FN:30,(anonymous_0)
FN:51,(anonymous_1)
FN:53,(anonymous_2)
FN:58,(anonymous_3)
FN:65,(anonymous_4)
FN:73,(anonymous_5)
FN:80,(anonymous_6)
FN:91,(anonymous_7)
FN:119,(anonymous_8)
FN:126,(anonymous_9)
FN:130,(anonymous_10)
FN:154,(anonymous_11)
FN:179,(anonymous_12)
FN:191,(anonymous_13)
FN:203,(anonymous_14)
FN:206,(anonymous_15)
FN:217,(anonymous_16)
FN:240,(anonymous_17)
FN:261,(anonymous_18)
FN:263,(anonymous_19)
FN:276,(anonymous_20)
FN:283,(anonymous_21)
FN:285,(anonymous_22)
FN:308,(anonymous_23)
FN:331,(anonymous_24)
FN:361,(anonymous_25)
FN:365,(anonymous_26)
FN:370,(anonymous_27)
FN:371,(anonymous_28)
FN:374,(anonymous_29)
FN:375,(anonymous_30)
FN:388,(anonymous_31)
FN:389,(anonymous_32)
FN:390,(anonymous_33)
FN:448,(anonymous_34)
FN:469,(anonymous_35)
FN:473,(anonymous_36)
FN:474,(anonymous_37)
FN:475,(anonymous_38)
FN:476,(anonymous_39)
FN:481,(anonymous_40)
FN:487,(anonymous_41)
FN:488,(anonymous_42)
FN:496,(anonymous_43)
FN:498,(anonymous_44)
FN:505,(anonymous_45)
FN:513,(anonymous_46)
FN:518,(anonymous_47)
FN:520,(anonymous_48)
FN:529,(anonymous_49)
FN:530,(anonymous_50)
FN:532,(anonymous_51)
FN:578,(anonymous_52)
FN:590,(anonymous_53)
FN:602,(anonymous_54)
FN:614,(anonymous_55)
FN:630,(anonymous_56)
FN:651,(anonymous_57)
FN:663,(anonymous_58)
FN:676,(anonymous_59)
FN:677,(anonymous_60)
FN:684,(anonymous_61)
FN:685,(anonymous_62)
FN:686,(anonymous_63)
FN:687,(anonymous_64)
FN:692,(anonymous_65)
FN:723,(anonymous_66)
FN:740,(anonymous_67)
FN:751,(anonymous_68)
FN:754,(anonymous_69)
FN:759,(anonymous_70)
FN:760,(anonymous_71)
FN:761,(anonymous_72)
FN:762,(anonymous_73)
FN:767,(anonymous_74)
FN:768,(anonymous_75)
FN:776,(anonymous_76)
FN:778,(anonymous_77)
FN:794,(anonymous_78)
FN:795,(anonymous_79)
FN:848,(anonymous_80)
FN:863,(anonymous_81)
FN:875,(anonymous_82)
FN:884,(anonymous_83)
FN:896,(anonymous_84)
FN:912,(anonymous_85)
FN:933,(anonymous_86)
FN:951,(anonymous_87)
FN:952,(anonymous_88)
FN:971,(anonymous_89)
FN:973,(anonymous_90)
FN:974,(anonymous_91)
FN:992,(anonymous_92)
FN:1001,(anonymous_93)
FN:1020,(anonymous_94)
FN:1081,(anonymous_95)
FN:1082,(anonymous_96)
FN:1083,(anonymous_97)
FN:1084,(anonymous_98)
FN:1096,(anonymous_99)
FN:1106,(anonymous_100)
FN:1134,(anonymous_101)
FN:1144,(anonymous_102)
FN:1163,(anonymous_103)
FN:1173,(anonymous_104)
FN:1200,(anonymous_105)
FN:1212,(anonymous_106)
FN:1228,(anonymous_107)
FN:1262,(anonymous_108)
FN:1275,(anonymous_109)
FN:1276,(anonymous_110)
FN:1277,(anonymous_111)
FN:1279,(anonymous_112)
FN:1284,(anonymous_113)
FN:1303,(anonymous_114)
FN:1310,(anonymous_115)
FN:1320,(anonymous_116)
FN:1359,(anonymous_117)
FN:1371,(anonymous_118)
FN:1372,(anonymous_119)
FN:1430,(anonymous_120)
FN:1464,(anonymous_121)
FNF:122
FNH:0
FNDA:0,(anonymous_0)
FNDA:0,(anonymous_1)
FNDA:0,(anonymous_2)
FNDA:0,(anonymous_3)
FNDA:0,(anonymous_4)
FNDA:0,(anonymous_5)
FNDA:0,(anonymous_6)
FNDA:0,(anonymous_7)
FNDA:0,(anonymous_8)
FNDA:0,(anonymous_9)
FNDA:0,(anonymous_10)
FNDA:0,(anonymous_11)
FNDA:0,(anonymous_12)
FNDA:0,(anonymous_13)
FNDA:0,(anonymous_14)
FNDA:0,(anonymous_15)
FNDA:0,(anonymous_16)
FNDA:0,(anonymous_17)
FNDA:0,(anonymous_18)
FNDA:0,(anonymous_19)
FNDA:0,(anonymous_20)
FNDA:0,(anonymous_21)
FNDA:0,(anonymous_22)
FNDA:0,(anonymous_23)
FNDA:0,(anonymous_24)
FNDA:0,(anonymous_25)
FNDA:0,(anonymous_26)
FNDA:0,(anonymous_27)
FNDA:0,(anonymous_28)
FNDA:0,(anonymous_29)
FNDA:0,(anonymous_30)
FNDA:0,(anonymous_31)
FNDA:0,(anonymous_32)
FNDA:0,(anonymous_33)
FNDA:0,(anonymous_34)
FNDA:0,(anonymous_35)
FNDA:0,(anonymous_36)
FNDA:0,(anonymous_37)
FNDA:0,(anonymous_38)
FNDA:0,(anonymous_39)
FNDA:0,(anonymous_40)
FNDA:0,(anonymous_41)
FNDA:0,(anonymous_42)
FNDA:0,(anonymous_43)
FNDA:0,(anonymous_44)
FNDA:0,(anonymous_45)
FNDA:0,(anonymous_46)
FNDA:0,(anonymous_47)
FNDA:0,(anonymous_48)
FNDA:0,(anonymous_49)
FNDA:0,(anonymous_50)
FNDA:0,(anonymous_51)
FNDA:0,(anonymous_52)
FNDA:0,(anonymous_53)
FNDA:0,(anonymous_54)
FNDA:0,(anonymous_55)
FNDA:0,(anonymous_56)
FNDA:0,(anonymous_57)
FNDA:0,(anonymous_58)
FNDA:0,(anonymous_59)
FNDA:0,(anonymous_60)
FNDA:0,(anonymous_61)
FNDA:0,(anonymous_62)
FNDA:0,(anonymous_63)
FNDA:0,(anonymous_64)
FNDA:0,(anonymous_65)
FNDA:0,(anonymous_66)
FNDA:0,(anonymous_67)
FNDA:0,(anonymous_68)
FNDA:0,(anonymous_69)
FNDA:0,(anonymous_70)
FNDA:0,(anonymous_71)
FNDA:0,(anonymous_72)
FNDA:0,(anonymous_73)
FNDA:0,(anonymous_74)
FNDA:0,(anonymous_75)
FNDA:0,(anonymous_76)
FNDA:0,(anonymous_77)
FNDA:0,(anonymous_78)
FNDA:0,(anonymous_79)
FNDA:0,(anonymous_80)
FNDA:0,(anonymous_81)
FNDA:0,(anonymous_82)
FNDA:0,(anonymous_83)
FNDA:0,(anonymous_84)
FNDA:0,(anonymous_85)
FNDA:0,(anonymous_86)
FNDA:0,(anonymous_87)
FNDA:0,(anonymous_88)
FNDA:0,(anonymous_89)
FNDA:0,(anonymous_90)
FNDA:0,(anonymous_91)
FNDA:0,(anonymous_92)
FNDA:0,(anonymous_93)
FNDA:0,(anonymous_94)
FNDA:0,(anonymous_95)
FNDA:0,(anonymous_96)
FNDA:0,(anonymous_97)
FNDA:0,(anonymous_98)
FNDA:0,(anonymous_99)
FNDA:0,(anonymous_100)
FNDA:0,(anonymous_101)
FNDA:0,(anonymous_102)
FNDA:0,(anonymous_103)
FNDA:0,(anonymous_104)
FNDA:0,(anonymous_105)
FNDA:0,(anonymous_106)
FNDA:0,(anonymous_107)
FNDA:0,(anonymous_108)
FNDA:0,(anonymous_109)
FNDA:0,(anonymous_110)
FNDA:0,(anonymous_111)
FNDA:0,(anonymous_112)
FNDA:0,(anonymous_113)
FNDA:0,(anonymous_114)
FNDA:0,(anonymous_115)
FNDA:0,(anonymous_116)
FNDA:0,(anonymous_117)
FNDA:0,(anonymous_118)
FNDA:0,(anonymous_119)
FNDA:0,(anonymous_120)
FNDA:0,(anonymous_121)
DA:18,1
DA:19,1
DA:30,1
DA:31,0
DA:32,0
DA:36,0
DA:37,0
DA:44,0
DA:50,0
DA:51,0
DA:52,0
DA:53,0
DA:57,0
DA:58,0
DA:65,0
DA:72,0
DA:73,0
DA:74,0
DA:75,0
DA:79,0
DA:80,0
DA:81,0
DA:82,0
DA:84,0
DA:85,0
DA:86,0
DA:87,0
DA:91,0
DA:98,0
DA:119,0
DA:126,0
DA:130,0
DA:140,0
DA:141,0
DA:154,1
DA:155,0
DA:156,0
DA:158,0
DA:162,0
DA:163,0
DA:169,0
DA:171,0
DA:178,0
DA:179,0
DA:180,0
DA:181,0
DA:182,0
DA:184,0
DA:185,0
DA:186,0
DA:187,0
DA:191,0
DA:199,0
DA:200,0
DA:202,0
DA:203,0
DA:205,0
DA:206,0
DA:209,0
DA:217,0
DA:226,0
DA:227,0
DA:240,1
DA:241,0
DA:242,0
DA:246,0
DA:247,0
DA:254,0
DA:260,0
DA:261,0
DA:262,0
DA:263,0
DA:264,0
DA:265,0
DA:267,0
DA:276,0
DA:277,0
DA:278,0
DA:281,0
DA:282,0
DA:283,0
DA:284,0
DA:285,0
DA:288,0
DA:289,0
DA:292,0
DA:302,0
DA:308,0
DA:317,0
DA:318,0
DA:331,1
DA:332,0
DA:333,0
DA:337,0
DA:338,0
DA:345,0
DA:353,0
DA:360,0
DA:361,0
DA:364,0
DA:365,0
DA:369,0
DA:370,0
DA:371,0
DA:373,0
DA:374,0
DA:375,0
DA:378,0
DA:382,0
DA:387,0
DA:388,0
DA:389,0
DA:390,0
DA:392,0
DA:400,0
DA:430,0
DA:431,0
DA:448,1
DA:449,0
DA:450,0
DA:451,0
DA:453,0
DA:460,0
DA:461,0
DA:468,0
DA:469,0
DA:472,0
DA:473,0
DA:474,0
DA:475,0
DA:476,0
DA:480,0
DA:481,0
DA:482,0
DA:486,0
DA:487,0
DA:488,0
DA:489,0
DA:490,0
DA:492,0
DA:496,0
DA:498,0
DA:505,0
DA:506,0
DA:511,0
DA:512,0
DA:513,0
DA:517,0
DA:518,0
DA:520,0
DA:528,0
DA:529,0
DA:530,0
DA:532,0
DA:539,0
DA:564,0
DA:565,0
DA:578,1
DA:579,0
DA:580,0
DA:581,0
DA:583,0
DA:590,0
DA:592,0
DA:594,0
DA:601,0
DA:602,0
DA:603,0
DA:604,0
DA:605,0
DA:607,0
DA:608,0
DA:609,0
DA:610,0
DA:614,0
DA:621,0
DA:630,0
DA:637,0
DA:638,0
DA:651,1
DA:652,0
DA:653,0
DA:656,0
DA:662,0
DA:663,0
DA:664,0
DA:665,0
DA:666,0
DA:672,0
DA:676,0
DA:677,0
DA:679,0
DA:684,0
DA:685,0
DA:686,0
DA:687,0
DA:692,0
DA:694,0
DA:705,0
DA:706,0
DA:723,1
DA:724,0
DA:725,0
DA:727,0
DA:729,0
DA:730,0
DA:737,0
DA:738,0
DA:739,0
DA:740,0
DA:744,0
DA:745,0
DA:748,0
DA:749,0
DA:750,0
DA:751,0
DA:753,0
DA:754,0
DA:758,0
DA:759,0
DA:760,0
DA:761,0
DA:762,0
DA:766,0
DA:767,0
DA:768,0
DA:769,0
DA:770,0
DA:772,0
DA:776,0
DA:778,0
DA:782,0
DA:788,0
DA:793,0
DA:794,0
DA:795,0
DA:797,0
DA:834,0
DA:835,0
DA:848,1
DA:849,0
DA:850,0
DA:851,0
DA:853,0
DA:855,0
DA:862,0
DA:863,0
DA:864,0
DA:865,0
DA:866,0
DA:868,0
DA:869,0
DA:870,0
DA:871,0
DA:875,0
DA:883,0
DA:884,0
DA:885,0
DA:886,0
DA:887,0
DA:889,0
DA:890,0
DA:891,0
DA:892,0
DA:896,0
DA:903,0
DA:912,0
DA:919,0
DA:920,0
DA:933,1
DA:934,0
DA:935,0
DA:937,0
DA:939,0
DA:940,0
DA:950,0
DA:951,0
DA:952,0
DA:953,0
DA:954,0
DA:960,0
DA:961,0
DA:962,0
DA:964,0
DA:965,0
DA:971,0
DA:972,0
DA:973,0
DA:974,0
DA:975,0
DA:977,0
DA:992,0
DA:994,0
DA:1001,0
DA:1006,0
DA:1007,0
DA:1020,1
DA:1021,0
DA:1022,0
DA:1023,0
DA:1025,0
DA:1027,0
DA:1028,0
DA:1031,0
DA:1036,0
DA:1037,0
DA:1040,0
DA:1065,0
DA:1080,0
DA:1081,0
DA:1082,0
DA:1083,0
DA:1084,0
DA:1089,0
DA:1095,0
DA:1096,0
DA:1099,0
DA:1106,0
DA:1116,0
DA:1117,0
DA:1134,1
DA:1135,0
DA:1136,0
DA:1138,0
DA:1140,0
DA:1143,0
DA:1144,0
DA:1145,0
DA:1146,0
DA:1153,0
DA:1154,0
DA:1155,0
DA:1156,0
DA:1158,0
DA:1159,0
DA:1163,0
DA:1173,0
DA:1175,0
DA:1186,0
DA:1187,0
DA:1200,1
DA:1201,0
DA:1202,0
DA:1204,0
DA:1205,0
DA:1206,0
DA:1208,0
DA:1211,0
DA:1212,0
DA:1213,0
DA:1214,0
DA:1215,0
DA:1221,0
DA:1222,0
DA:1223,0
DA:1224,0
DA:1228,0
DA:1235,0
DA:1244,0
DA:1245,0
DA:1262,1
DA:1263,0
DA:1264,0
DA:1266,0
DA:1268,0
DA:1269,0
DA:1271,0
DA:1274,0
DA:1275,0
DA:1276,0
DA:1277,0
DA:1278,0
DA:1279,0
DA:1283,0
DA:1284,0
DA:1285,0
DA:1286,0
DA:1294,0
DA:1295,0
DA:1296,0
DA:1297,0
DA:1298,0
DA:1299,0
DA:1303,0
DA:1304,0
DA:1305,0
DA:1309,0
DA:1310,0
DA:1311,0
DA:1312,0
DA:1313,0
DA:1315,0
DA:1316,0
DA:1317,0
DA:1320,0
DA:1327,0
DA:1345,0
DA:1346,0
DA:1359,1
DA:1360,0
DA:1361,0
DA:1364,0
DA:1366,0
DA:1367,0
DA:1369,0
DA:1371,0
DA:1372,0
DA:1373,0
DA:1376,0
DA:1377,0
DA:1378,0
DA:1380,0
DA:1381,0
DA:1382,0
DA:1384,0
DA:1412,0
DA:1413,0
DA:1430,1
DA:1431,0
DA:1432,0
DA:1437,0
DA:1450,0
DA:1451,0
DA:1464,1
DA:1465,0
DA:1472,0
DA:1477,0
DA:1491,0
DA:1492,0
DA:1500,1
LF:430
LH:20
BRDA:36,0,0,0
BRDA:36,0,1,0
BRDA:52,1,0,0
BRDA:52,1,1,0
BRDA:53,2,0,0
BRDA:53,2,1,0
BRDA:60,3,0,0
BRDA:60,3,1,0
BRDA:61,4,0,0
BRDA:61,4,1,0
BRDA:68,5,0,0
BRDA:68,5,1,0
BRDA:68,6,0,0
BRDA:68,6,1,0
BRDA:68,7,0,0
BRDA:68,7,1,0
BRDA:75,8,0,0
BRDA:75,8,1,0
BRDA:81,9,0,0
BRDA:81,9,1,0
BRDA:85,10,0,0
BRDA:85,10,1,0
BRDA:86,11,0,0
BRDA:86,11,1,0
BRDA:112,12,0,0
BRDA:112,12,1,0
BRDA:156,13,0,0
BRDA:162,14,0,0
BRDA:162,14,1,0
BRDA:181,15,0,0
BRDA:181,15,1,0
BRDA:185,16,0,0
BRDA:185,16,1,0
BRDA:186,17,0,0
BRDA:186,17,1,0
BRDA:202,18,0,0
BRDA:202,18,1,0
BRDA:203,19,0,0
BRDA:203,19,1,0
BRDA:205,20,0,0
BRDA:205,20,1,0
BRDA:206,21,0,0
BRDA:206,21,1,0
BRDA:216,22,0,0
BRDA:216,22,1,0
BRDA:217,23,0,0
BRDA:217,23,1,0
BRDA:220,24,0,0
BRDA:220,24,1,0
BRDA:246,25,0,0
BRDA:246,25,1,0
BRDA:262,26,0,0
BRDA:262,26,1,0
BRDA:264,27,0,0
BRDA:264,27,1,0
BRDA:277,28,0,0
BRDA:277,28,1,0
BRDA:282,29,0,0
BRDA:282,29,1,0
BRDA:284,30,0,0
BRDA:284,30,1,0
BRDA:288,31,0,0
BRDA:288,31,1,0
BRDA:289,32,0,0
BRDA:289,32,1,0
BRDA:298,33,0,0
BRDA:298,33,1,0
BRDA:298,34,0,0
BRDA:298,34,1,0
BRDA:298,35,0,0
BRDA:298,35,1,0
BRDA:337,36,0,0
BRDA:337,36,1,0
BRDA:360,37,0,0
BRDA:360,37,1,0
BRDA:364,38,0,0
BRDA:364,38,1,0
BRDA:378,39,0,0
BRDA:378,39,1,0
BRDA:382,40,0,0
BRDA:382,40,1,0
BRDA:389,41,0,0
BRDA:389,41,1,0
BRDA:460,42,0,0
BRDA:460,42,1,0
BRDA:474,43,0,0
BRDA:474,43,1,0
BRDA:475,44,0,0
BRDA:475,44,1,0
BRDA:482,45,0,0
BRDA:482,45,1,0
BRDA:489,46,0,0
BRDA:489,46,1,0
BRDA:512,47,0,0
BRDA:512,47,1,0
BRDA:513,48,0,0
BRDA:513,48,1,0
BRDA:555,49,0,0
BRDA:555,49,1,0
BRDA:581,50,0,0
BRDA:604,51,0,0
BRDA:604,51,1,0
BRDA:608,52,0,0
BRDA:608,52,1,0
BRDA:609,53,0,0
BRDA:609,53,1,0
BRDA:629,54,0,0
BRDA:629,54,1,0
BRDA:630,55,0,0
BRDA:630,55,1,0
BRDA:665,56,0,0
BRDA:665,56,1,0
BRDA:729,57,0,0
BRDA:729,57,1,0
BRDA:739,58,0,0
BRDA:739,58,1,0
BRDA:750,59,0,0
BRDA:750,59,1,0
BRDA:751,60,0,0
BRDA:751,60,1,0
BRDA:753,61,0,0
BRDA:753,61,1,0
BRDA:760,62,0,0
BRDA:760,62,1,0
BRDA:761,63,0,0
BRDA:761,63,1,0
BRDA:769,64,0,0
BRDA:769,64,1,0
BRDA:794,65,0,0
BRDA:794,65,1,0
BRDA:795,66,0,0
BRDA:795,66,1,0
BRDA:819,67,0,0
BRDA:819,67,1,0
BRDA:851,68,0,0
BRDA:865,69,0,0
BRDA:865,69,1,0
BRDA:869,70,0,0
BRDA:869,70,1,0
BRDA:870,71,0,0
BRDA:870,71,1,0
BRDA:886,72,0,0
BRDA:886,72,1,0
BRDA:890,73,0,0
BRDA:890,73,1,0
BRDA:891,74,0,0
BRDA:891,74,1,0
BRDA:911,75,0,0
BRDA:911,75,1,0
BRDA:912,76,0,0
BRDA:912,76,1,0
BRDA:939,77,0,0
BRDA:939,77,1,0
BRDA:953,78,0,0
BRDA:953,78,1,0
BRDA:961,79,0,0
BRDA:961,79,1,0
BRDA:964,80,0,0
BRDA:964,80,1,0
BRDA:987,81,0,0
BRDA:987,81,1,0
BRDA:987,82,0,0
BRDA:987,82,1,0
BRDA:987,83,0,0
BRDA:987,83,1,0
BRDA:1023,84,0,0
BRDA:1037,85,0,0
BRDA:1037,85,1,0
BRDA:1082,86,0,0
BRDA:1082,86,1,0
BRDA:1083,87,0,0
BRDA:1083,87,1,0
BRDA:1095,88,0,0
BRDA:1095,88,1,0
BRDA:1096,89,0,0
BRDA:1096,89,1,0
BRDA:1138,90,0,0
BRDA:1138,90,1,0
BRDA:1145,91,0,0
BRDA:1145,91,1,0
BRDA:1154,92,0,0
BRDA:1154,92,1,0
BRDA:1155,93,0,0
BRDA:1155,93,1,0
BRDA:1158,94,0,0
BRDA:1158,94,1,0
BRDA:1205,95,0,0
BRDA:1205,95,1,0
BRDA:1206,96,0,0
BRDA:1206,96,1,0
BRDA:1213,97,0,0
BRDA:1213,97,1,0
BRDA:1214,98,0,0
BRDA:1214,98,1,0
BRDA:1222,99,0,0
BRDA:1222,99,1,0
BRDA:1223,100,0,0
BRDA:1223,100,1,0
BRDA:1239,101,0,0
BRDA:1239,101,1,0
BRDA:1264,102,0,0
BRDA:1269,103,0,0
BRDA:1269,103,1,0
BRDA:1276,104,0,0
BRDA:1276,104,1,0
BRDA:1277,105,0,0
BRDA:1277,105,1,0
BRDA:1278,106,0,0
BRDA:1278,106,1,0
BRDA:1279,107,0,0
BRDA:1279,107,1,0
BRDA:1285,108,0,0
BRDA:1285,108,1,0
BRDA:1295,109,0,0
BRDA:1295,109,1,0
BRDA:1296,110,0,0
BRDA:1296,110,1,0
BRDA:1297,111,0,0
BRDA:1297,111,1,0
BRDA:1298,112,0,0
BRDA:1298,112,1,0
BRDA:1312,113,0,0
BRDA:1312,113,1,0
BRDA:1316,114,0,0
BRDA:1316,114,1,0
BRDA:1317,115,0,0
BRDA:1317,115,1,0
BRDA:1334,116,0,0
BRDA:1334,116,1,0
BRDA:1367,117,0,0
BRDA:1367,117,1,0
BRDA:1371,118,0,0
BRDA:1371,118,1,0
BRDA:1372,119,0,0
BRDA:1372,119,1,0
BRDA:1405,120,0,0
BRDA:1405,120,1,0
BRDA:1406,121,0,0
BRDA:1406,121,1,0
BRF:239
BRH:0
end_of_record
TN:
SF:controllers/auth.controller.js
FN:19,(anonymous_0)
FN:168,(anonymous_1)
FN:276,(anonymous_2)
FN:298,(anonymous_3)
FN:344,(anonymous_4)
FN:389,(anonymous_5)
FN:441,(anonymous_6)
FN:497,(anonymous_7)
FN:556,(anonymous_8)
FN:611,(anonymous_9)
FN:635,(anonymous_10)
FN:659,(anonymous_11)
FNF:12
FNH:0
FNDA:0,(anonymous_0)
FNDA:0,(anonymous_1)
FNDA:0,(anonymous_2)
FNDA:0,(anonymous_3)
FNDA:0,(anonymous_4)
FNDA:0,(anonymous_5)
FNDA:0,(anonymous_6)
FNDA:0,(anonymous_7)
FNDA:0,(anonymous_8)
FNDA:0,(anonymous_9)
FNDA:0,(anonymous_10)
FNDA:0,(anonymous_11)
DA:9,1
DA:10,1
DA:11,1
DA:12,1
DA:13,1
DA:19,1
DA:20,0
DA:21,0
DA:23,0
DA:24,0
DA:29,0
DA:31,0
DA:32,0
DA:33,0
DA:34,0
DA:35,0
DA:37,0
DA:39,0
DA:40,0
DA:41,0
DA:42,0
DA:43,0
DA:45,0
DA:46,0
DA:47,0
DA:49,0
DA:50,0
DA:52,0
DA:54,0
DA:55,0
DA:56,0
DA:57,0
DA:58,0
DA:60,0
DA:61,0
DA:62,0
DA:64,0
DA:65,0
DA:66,0
DA:68,0
DA:70,0
DA:71,0
DA:72,0
DA:73,0
DA:74,0
DA:76,0
DA:77,0
DA:78,0
DA:80,0
DA:83,0
DA:84,0
DA:85,0
DA:88,0
DA:90,0
DA:91,0
DA:93,0
DA:100,0
DA:101,0
DA:107,0
DA:110,0
DA:111,0
DA:112,0
DA:113,0
DA:114,0
DA:115,0
DA:116,0
DA:117,0
DA:120,0
DA:131,0
DA:138,0
DA:143,0
DA:150,0
DA:151,0
DA:160,0
DA:168,1
DA:169,0
DA:170,0
DA:172,0
DA:173,0
DA:178,0
DA:179,0
DA:180,0
DA:181,0
DA:182,0
DA:183,0
DA:186,0
DA:188,0
DA:189,0
DA:197,0
DA:200,0
DA:201,0
DA:202,0
DA:208,0
DA:210,0
DA:211,0
DA:212,0
DA:221,0
DA:224,0
DA:225,0
DA:228,0
DA:229,0
DA:232,0
DA:233,0
DA:235,0
DA:244,0
DA:249,0
DA:260,0
DA:267,0
DA:268,0
DA:276,1
DA:277,0
DA:278,0
DA:287,0
DA:289,0
DA:290,0
DA:298,1
DA:299,0
DA:300,0
DA:302,0
DA:303,0
DA:306,0
DA:307,0
DA:308,0
DA:312,0
DA:313,0
DA:314,0
DA:315,0
DA:316,0
DA:317,0
DA:320,0
DA:321,0
DA:322,0
DA:325,0
DA:332,0
DA:335,0
DA:336,0
DA:344,1
DA:345,0
DA:346,0
DA:347,0
DA:349,0
DA:355,0
DA:356,0
DA:359,0
DA:360,0
DA:361,0
DA:364,0
DA:365,0
DA:366,0
DA:367,0
DA:368,0
DA:371,0
DA:373,0
DA:381,0
DA:384,0
DA:385,0
DA:389,1
DA:390,0
DA:391,0
DA:394,0
DA:395,0
DA:396,0
DA:397,0
DA:398,0
DA:399,0
DA:402,0
DA:403,0
DA:404,0
DA:407,0
DA:408,0
DA:411,0
DA:413,0
DA:414,0
DA:416,0
DA:423,0
DA:429,0
DA:432,0
DA:433,0
DA:441,1
DA:442,0
DA:443,0
DA:446,0
DA:447,0
DA:448,0
DA:449,0
DA:450,0
DA:451,0
DA:454,0
DA:455,0
DA:456,0
DA:459,0
DA:460,0
DA:462,0
DA:464,0
DA:472,0
DA:479,0
DA:489,0
DA:492,0
DA:493,0
DA:497,1
DA:498,0
DA:499,0
DA:500,0
DA:502,0
DA:503,0
DA:506,0
DA:508,0
DA:514,0
DA:515,0
DA:519,0
DA:520,0
DA:521,0
DA:522,0
DA:523,0
DA:526,0
DA:527,0
DA:528,0
DA:531,0
DA:532,0
DA:534,0
DA:535,0
DA:536,0
DA:538,0
DA:548,0
DA:551,0
DA:552,0
[...]
BRDA:448,20,0,0
BRDA:448,20,1,0
BRDA:513,21,0,0
BRDA:513,21,1,0
BRDA:514,22,0,0
BRDA:514,22,1,0
BRDA:515,23,0,0
BRDA:515,23,1,0
BRF:45
BRH:0
end_of_record
TN:
SF:utils/mathUtils.js
FN:19,(anonymous_0)
FN:30,(anonymous_1)
FN:40,(anonymous_2)
FN:52,(anonymous_3)
FN:65,(anonymous_4)
FN:78,(anonymous_5)
FN:88,(anonymous_6)
FN:91,(anonymous_7)
FN:104,(anonymous_8)
FN:111,(anonymous_9)
FN:127,(anonymous_10)
FN:128,(anonymous_11)
FN:136,(anonymous_12)
FN:140,(anonymous_13)
FN:149,(anonymous_14)
FN:158,(anonymous_15)
FN:169,(anonymous_16)
FN:172,(anonymous_17)
FN:186,(anonymous_18)
FN:200,(anonymous_19)
FN:229,(anonymous_20)
FN:244,(anonymous_21)
FN:289,(anonymous_22)
FN:302,(anonymous_23)
FN:307,(anonymous_24)
FN:309,(anonymous_25)
FN:317,(anonymous_26)
FN:321,(anonymous_27)
FN:323,(anonymous_28)
FN:336,(anonymous_29)
FN:353,(anonymous_30)
FN:370,(anonymous_31)
FN:397,(anonymous_32)
FN:416,(anonymous_33)
FN:429,(anonymous_34)
FN:438,(anonymous_35)
FN:452,(anonymous_36)
FN:462,(anonymous_37)
FN:471,(anonymous_38)
FN:488,(anonymous_39)
FN:502,(anonymous_40)
FN:520,(anonymous_41)
FN:531,(anonymous_42)
FN:548,(anonymous_43)
FN:572,(anonymous_44)
FN:583,(anonymous_45)
FN:598,(anonymous_46)
FN:607,(anonymous_47)
FN:616,(anonymous_48)
FNF:49
FNH:0
FNDA:0,(anonymous_0)
FNDA:0,(anonymous_1)
FNDA:0,(anonymous_2)
FNDA:0,(anonymous_3)
FNDA:0,(anonymous_4)
FNDA:0,(anonymous_5)
FNDA:0,(anonymous_6)
FNDA:0,(anonymous_7)
FNDA:0,(anonymous_8)
FNDA:0,(anonymous_9)
FNDA:0,(anonymous_10)
FNDA:0,(anonymous_11)
FNDA:0,(anonymous_12)
FNDA:0,(anonymous_13)
FNDA:0,(anonymous_14)
FNDA:0,(anonymous_15)
FNDA:0,(anonymous_16)
FNDA:0,(anonymous_17)
FNDA:0,(anonymous_18)
FNDA:0,(anonymous_19)
FNDA:0,(anonymous_20)
FNDA:0,(anonymous_21)
FNDA:0,(anonymous_22)
FNDA:0,(anonymous_23)
FNDA:0,(anonymous_24)
FNDA:0,(anonymous_25)
FNDA:0,(anonymous_26)
FNDA:0,(anonymous_27)
FNDA:0,(anonymous_28)
FNDA:0,(anonymous_29)
FNDA:0,(anonymous_30)
FNDA:0,(anonymous_31)
FNDA:0,(anonymous_32)
FNDA:0,(anonymous_33)
FNDA:0,(anonymous_34)
FNDA:0,(anonymous_35)
FNDA:0,(anonymous_36)
FNDA:0,(anonymous_37)
FNDA:0,(anonymous_38)
FNDA:0,(anonymous_39)
FNDA:0,(anonymous_40)
FNDA:0,(anonymous_41)
FNDA:0,(anonymous_42)
FNDA:0,(anonymous_43)
FNDA:0,(anonymous_44)
FNDA:0,(anonymous_45)
FNDA:0,(anonymous_46)
FNDA:0,(anonymous_47)
FNDA:0,(anonymous_48)
DA:19,0
DA:20,0
DA:30,0
DA:31,0
DA:40,0
DA:41,0
DA:42,0
DA:52,0
DA:53,0
DA:65,0
DA:66,0
DA:78,0
DA:79,0
DA:80,0
DA:88,0
DA:89,0
DA:91,0
DA:92,0
DA:94,0
DA:104,0
DA:105,0
DA:107,0
DA:108,0
DA:109,0
DA:111,0
DA:112,0
DA:113,0
DA:114,0
DA:115,0
DA:119,0
DA:127,0
DA:128,0
DA:136,0
DA:137,0
DA:139,0
DA:140,0
DA:141,0
DA:149,0
DA:150,0
DA:158,0
DA:159,0
DA:160,0
DA:169,0
DA:170,0
DA:172,0
DA:173,0
DA:174,0
DA:175,0
DA:176,0
DA:178,0
DA:186,0
DA:187,0
DA:200,0
DA:201,0
DA:203,0
DA:204,0
DA:205,0
DA:207,0
DA:208,0
DA:209,0
DA:211,0
DA:212,0
DA:213,0
DA:214,0
DA:215,0
DA:216,0
DA:219,0
DA:229,0
DA:230,0
DA:231,0
DA:244,0
DA:245,0
DA:246,0
DA:249,0
DA:250,0
DA:251,0
DA:253,0
DA:254,0
DA:256,0
DA:257,0
DA:258,0
DA:261,0
DA:262,0
DA:265,0
DA:266,0
DA:268,0
DA:269,0
DA:270,0
DA:271,0
DA:274,0
DA:276,0
DA:289,0
DA:290,0
DA:302,0
DA:303,0
DA:304,0
DA:305,0
DA:307,0
DA:309,0
DA:317,0
DA:318,0
DA:319,0
DA:321,0
DA:323,0
DA:336,0
DA:337,0
DA:339,0
DA:340,0
DA:341,0
DA:344,0
DA:353,0
DA:354,0
DA:356,0
DA:357,0
DA:358,0
DA:361,0
DA:370,0
DA:371,0
DA:373,0
DA:374,0
DA:375,0
DA:377,0
DA:378,0
DA:379,0
DA:380,0
DA:383,0
DA:384,0
DA:397,0
DA:398,0
DA:400,0
DA:401,0
DA:403,0
DA:404,0
DA:405,0
DA:408,0
DA:416,0
DA:417,0
DA:418,0
DA:419,0
DA:420,0
DA:421,0
DA:429,0
DA:430,0
DA:438,0
DA:439,0
DA:452,0
DA:453,0
DA:462,0
DA:463,0
DA:471,0
DA:472,0
DA:474,0
DA:475,0
DA:476,0
DA:479,0
DA:488,0
DA:489,0
DA:490,0
DA:502,0
DA:503,0
DA:504,0
DA:506,0
DA:507,0
DA:508,0
DA:511,0
DA:520,0
DA:521,0
DA:522,0
DA:531,0
DA:532,0
DA:533,0
DA:548,0
DA:549,0
DA:550,0
DA:551,0
DA:553,0
DA:554,0
DA:555,0
DA:556,0
DA:558,0
DA:572,0
DA:573,0
DA:583,0
DA:584,0
DA:598,0
DA:599,0
DA:607,0
DA:608,0
DA:616,0
DA:617,0
DA:624,0
LF:191
LH:0
BRDA:19,0,0,0
BRDA:41,1,0,0
BRDA:41,1,1,0
BRDA:79,2,0,0
BRDA:79,2,1,0
BRDA:89,3,0,0
BRDA:89,3,1,0
BRDA:94,4,0,0
BRDA:94,4,1,0
BRDA:105,5,0,0
BRDA:105,5,1,0
BRDA:112,6,0,0
BRDA:112,6,1,0
BRDA:113,7,0,0
BRDA:113,7,1,0
BRDA:137,8,0,0
BRDA:137,8,1,0
BRDA:159,9,0,0
BRDA:159,9,1,0
BRDA:170,10,0,0
BRDA:170,10,1,0
BRDA:201,11,0,0
BRDA:201,11,1,0
BRDA:201,12,0,0
BRDA:201,12,1,0
BRDA:230,13,0,0
BRDA:230,13,1,0
BRDA:245,14,0,0
BRDA:245,14,1,0
BRDA:245,15,0,0
BRDA:245,15,1,0
BRDA:261,16,0,0
BRDA:261,16,1,0
BRDA:274,17,0,0
BRDA:274,17,1,0
BRDA:307,18,0,0
BRDA:307,18,1,0
BRDA:321,19,0,0
BRDA:321,19,1,0
BRDA:337,20,0,0
BRDA:337,20,1,0
BRDA:354,21,0,0
BRDA:354,21,1,0
BRDA:371,22,0,0
BRDA:371,22,1,0
BRDA:384,23,0,0
BRDA:384,23,1,0
BRDA:398,24,0,0
BRDA:398,24,1,0
BRDA:398,25,0,0
BRDA:398,25,1,0
BRDA:408,26,0,0
BRDA:408,26,1,0
BRDA:417,27,0,0
BRDA:417,27,1,0
BRDA:418,28,0,0
BRDA:418,28,1,0
BRDA:419,29,0,0
BRDA:419,29,1,0
BRDA:420,30,0,0
BRDA:420,30,1,0
BRDA:438,31,0,0
BRDA:438,31,1,0
BRDA:503,32,0,0
BRDA:503,32,1,0
BRDA:504,33,0,0
BRDA:504,33,1,0
BRDA:504,34,0,0
BRDA:504,34,1,0
BRDA:521,35,0,0
BRDA:521,35,1,0
BRDA:532,36,0,0
BRDA:532,36,1,0
BRDA:548,37,0,0
BRDA:548,38,0,0
BRDA:583,39,0,0
BRDA:599,40,0,0
BRDA:599,40,1,0
BRF:78
BRH:0
end_of_record
TN:
SF:utils/passwordUtils.js
FN:53,(anonymous_0)
FN:70,(anonymous_1)
FN:84,(anonymous_2)
FN:99,(anonymous_3)
FN:117,(anonymous_4)
FN:177,(anonymous_5)
FN:216,(anonymous_6)
FN:229,(anonymous_7)
FN:247,(anonymous_8)
FN:257,(anonymous_9)
FN:271,(anonymous_10)
FN:333,(anonymous_11)
FN:349,(anonymous_12)
FN:358,(anonymous_13)
FN:388,(anonymous_14)
FN:407,(anonymous_15)
FN:432,(anonymous_16)
FN:454,(anonymous_17)
FN:469,(anonymous_18)
FN:535,(anonymous_19)
FNF:20
FNH:0
FNDA:0,(anonymous_0)
FNDA:0,(anonymous_1)
FNDA:0,(anonymous_2)
FNDA:0,(anonymous_3)
FNDA:0,(anonymous_4)
FNDA:0,(anonymous_5)
FNDA:0,(anonymous_6)
FNDA:0,(anonymous_7)
FNDA:0,(anonymous_8)
FNDA:0,(anonymous_9)
FNDA:0,(anonymous_10)
FNDA:0,(anonymous_11)
FNDA:0,(anonymous_12)
FNDA:0,(anonymous_13)
FNDA:0,(anonymous_14)
FNDA:0,(anonymous_15)
FNDA:0,(anonymous_16)
FNDA:0,(anonymous_17)
FNDA:0,(anonymous_18)
FNDA:0,(anonymous_19)
DA:9,0
DA:10,0
DA:16,0
DA:53,0
DA:54,0
DA:55,0
DA:58,0
DA:59,0
DA:61,0
DA:70,0
DA:71,0
DA:72,0
DA:75,0
DA:84,0
DA:85,0
DA:86,0
DA:89,0
DA:90,0
DA:99,0
DA:100,0
DA:101,0
DA:104,0
DA:117,0
DA:118,0
DA:119,0
DA:122,0
DA:123,0
DA:131,0
DA:132,0
DA:135,0
DA:136,0
DA:140,0
DA:141,0
DA:145,0
DA:146,0
DA:150,0
DA:151,0
DA:155,0
DA:156,0
DA:157,0
DA:158,0
DA:163,0
DA:165,0
DA:177,0
DA:178,0
DA:180,0
DA:183,0
DA:186,0
DA:189,0
DA:192,0
DA:195,0
DA:198,0
DA:201,0
DA:204,0
DA:205,0
DA:208,0
DA:216,0
DA:217,0
DA:218,0
DA:219,0
DA:220,0
DA:221,0
DA:229,0
DA:230,0
DA:238,0
DA:247,0
DA:248,0
DA:250,0
DA:257,0
DA:258,0
DA:271,0
DA:280,0
DA:282,0
DA:284,0
DA:285,0
DA:288,0
DA:289,0
DA:292,0
DA:293,0
DA:296,0
DA:297,0
DA:300,0
DA:301,0
DA:304,0
DA:305,0
DA:307,0
DA:308,0
DA:312,0
DA:313,0
DA:315,0
DA:316,0
DA:318,0
DA:319,0
DA:321,0
DA:322,0
DA:325,0
DA:333,0
DA:334,0
DA:349,0
DA:350,0
DA:358,0
DA:359,0
DA:366,0
DA:367,0
DA:369,0
DA:370,0
DA:371,0
DA:375,0
DA:377,0
DA:388,0
DA:389,0
DA:390,0
DA:391,0
DA:393,0
DA:407,0
DA:408,0
DA:409,0
DA:413,0
DA:414,0
DA:418,0
DA:419,0
DA:432,0
DA:433,0
DA:434,0
DA:437,0
DA:438,0
DA:439,0
DA:440,0
DA:444,0
DA:454,0
DA:455,0
DA:456,0
DA:469,0
DA:470,0
DA:481,0
DA:482,0
DA:485,0
DA:486,0
DA:490,0
DA:491,0
DA:494,0
DA:495,0
DA:498,0
DA:499,0
DA:502,0
DA:503,0
DA:507,0
DA:508,0
DA:512,0
DA:513,0
DA:514,0
DA:515,0
DA:519,0
DA:535,0
DA:536,0
DA:537,0
DA:543,0
DA:544,0
DA:545,0
DA:546,0
DA:548,0
DA:559,0
LF:162
LH:0
BRDA:53,0,0,0
BRDA:54,1,0,0
BRDA:54,1,1,0
BRDA:71,2,0,0
BRDA:71,2,1,0
BRDA:71,3,0,0
BRDA:71,3,1,0
BRDA:84,4,0,0
BRDA:85,5,0,0
BRDA:85,5,1,0
BRDA:100,6,0,0
BRDA:100,6,1,0
BRDA:100,7,0,0
BRDA:100,7,1,0
BRDA:117,8,0,0
BRDA:122,9,0,0
BRDA:122,9,1,0
BRDA:131,10,0,0
BRDA:131,10,1,0
BRDA:135,11,0,0
BRDA:135,11,1,0
BRDA:140,12,0,0
BRDA:140,12,1,0
BRDA:140,13,0,0
BRDA:140,13,1,0
BRDA:145,14,0,0
BRDA:145,14,1,0
BRDA:145,15,0,0
BRDA:145,15,1,0
BRDA:150,16,0,0
BRDA:150,16,1,0
BRDA:150,17,0,0
BRDA:150,17,1,0
BRDA:155,18,0,0
BRDA:155,18,1,0
BRDA:157,19,0,0
BRDA:157,19,1,0
BRDA:180,20,0,0
BRDA:180,20,1,0
BRDA:186,21,0,0
BRDA:186,21,1,0
BRDA:189,22,0,0
BRDA:189,22,1,0
BRDA:192,23,0,0
BRDA:192,23,1,0
BRDA:195,24,0,0
BRDA:195,24,1,0
BRDA:198,25,0,0
BRDA:198,25,1,0
BRDA:198,26,0,0
BRDA:198,26,1,0
BRDA:201,27,0,0
BRDA:201,27,1,0
BRDA:201,28,0,0
BRDA:201,28,1,0
BRDA:204,29,0,0
BRDA:204,29,1,0
BRDA:204,30,0,0
BRDA:204,30,1,0
BRDA:204,30,2,0
BRDA:217,31,0,0
BRDA:217,31,1,0
BRDA:218,32,0,0
BRDA:218,32,1,0
BRDA:219,33,0,0
BRDA:219,33,1,0
BRDA:220,34,0,0
BRDA:220,34,1,0
BRDA:247,35,0,0
BRDA:271,36,0,0
BRDA:273,37,0,0
BRDA:274,38,0,0
BRDA:275,39,0,0
BRDA:276,40,0,0
BRDA:277,41,0,0
BRDA:278,42,0,0
BRDA:279,43,0,0
BRDA:284,44,0,0
BRDA:284,44,1,0
BRDA:285,45,0,0
BRDA:285,45,1,0
BRDA:288,46,0,0
BRDA:288,46,1,0
BRDA:289,47,0,0
BRDA:289,47,1,0
BRDA:292,48,0,0
BRDA:292,48,1,0
BRDA:293,49,0,0
BRDA:293,49,1,0
BRDA:296,50,0,0
BRDA:296,50,1,0
BRDA:297,51,0,0
BRDA:297,51,1,0
BRDA:300,52,0,0
BRDA:300,52,1,0
BRDA:312,53,0,0
BRDA:312,53,1,0
BRDA:312,54,0,0
BRDA:312,54,1,0
BRDA:315,55,0,0
BRDA:315,55,1,0
BRDA:315,56,0,0
BRDA:315,56,1,0
BRDA:318,57,0,0
BRDA:318,57,1,0
BRDA:318,58,0,0
BRDA:318,58,1,0
BRDA:321,59,0,0
BRDA:321,59,1,0
BRDA:321,60,0,0
BRDA:321,60,1,0
BRDA:333,61,0,0
BRDA:358,62,0,0
BRDA:408,63,0,0
BRDA:408,63,1,0
BRDA:408,64,0,0
BRDA:408,64,1,0
BRDA:408,64,2,0
BRDA:413,65,0,0
BRDA:413,65,1,0
BRDA:432,66,0,0
BRDA:433,67,0,0
BRDA:433,67,1,0
BRDA:433,68,0,0
BRDA:433,68,1,0
BRDA:439,69,0,0
BRDA:439,69,1,0
BRDA:454,70,0,0
BRDA:454,71,0,0
BRDA:469,72,0,0
BRDA:485,73,0,0
BRDA:485,73,1,0
BRDA:490,74,0,0
BRDA:490,74,1,0
BRDA:490,75,0,0
BRDA:490,75,1,0
BRDA:494,76,0,0
BRDA:494,76,1,0
BRDA:494,77,0,0
BRDA:494,77,1,0
BRDA:498,78,0,0
BRDA:498,78,1,0
BRDA:498,79,0,0
BRDA:498,79,1,0
BRDA:502,80,0,0
BRDA:502,80,1,0
BRDA:502,81,0,0
BRDA:502,81,1,0
BRDA:507,82,0,0
BRDA:507,82,1,0
BRDA:507,83,0,0
BRDA:507,83,1,0
BRDA:512,84,0,0
BRDA:512,84,1,0
BRDA:514,85,0,0
BRDA:514,85,1,0
BRDA:535,86,0,0
BRDA:536,87,0,0
BRDA:536,87,1,0
BRF:159
BRH:0
end_of_record
TN:
SF:utils/tokenUtils.js
FN:47,(anonymous_0)
FN:71,(anonymous_1)
FN:94,(anonymous_2)
FN:111,(anonymous_3)
FN:132,(anonymous_4)
FN:154,(anonymous_5)
FN:181,(anonymous_6)
FN:204,(anonymous_7)
FN:227,(anonymous_8)
FN:249,(anonymous_9)
FN:272,(anonymous_10)
FN:291,(anonymous_11)
FN:304,(anonymous_12)
FN:314,(anonymous_13)
FN:328,(anonymous_14)
FN:348,(anonymous_15)
FN:363,(anonymous_16)
FN:380,(anonymous_17)
FN:394,(anonymous_18)
FN:417,(anonymous_19)
FN:438,(anonymous_20)
FN:457,(anonymous_21)
FN:488,(anonymous_22)
FN:493,(anonymous_23)
FN:504,(anonymous_24)
FN:512,(anonymous_25)
FN:519,(anonymous_26)
FN:532,(anonymous_27)
FN:549,(anonymous_28)
FN:569,(anonymous_29)
FN:596,(anonymous_30)
FN:613,(anonymous_31)
FNF:32
FNH:0
FNDA:0,(anonymous_0)
FNDA:0,(anonymous_1)
FNDA:0,(anonymous_2)
FNDA:0,(anonymous_3)
FNDA:0,(anonymous_4)
FNDA:0,(anonymous_5)
FNDA:0,(anonymous_6)
FNDA:0,(anonymous_7)
FNDA:0,(anonymous_8)
FNDA:0,(anonymous_9)
FNDA:0,(anonymous_10)
FNDA:0,(anonymous_11)
FNDA:0,(anonymous_12)
FNDA:0,(anonymous_13)
FNDA:0,(anonymous_14)
FNDA:0,(anonymous_15)
FNDA:0,(anonymous_16)
FNDA:0,(anonymous_17)
FNDA:0,(anonymous_18)
FNDA:0,(anonymous_19)
FNDA:0,(anonymous_20)
FNDA:0,(anonymous_21)
FNDA:0,(anonymous_22)
FNDA:0,(anonymous_23)
FNDA:0,(anonymous_24)
FNDA:0,(anonymous_25)
FNDA:0,(anonymous_26)
FNDA:0,(anonymous_27)
FNDA:0,(anonymous_28)
FNDA:0,(anonymous_29)
FNDA:0,(anonymous_30)
FNDA:0,(anonymous_31)
DA:9,0
DA:10,0
DA:16,0
DA:47,0
DA:48,0
DA:55,0
DA:62,0
DA:71,0
DA:72,0
DA:79,0
DA:86,0
DA:94,0
DA:95,0
DA:96,0
DA:98,0
DA:111,0
DA:112,0
DA:118,0
DA:124,0
DA:132,0
DA:133,0
DA:139,0
DA:145,0
DA:154,0
DA:155,0
DA:163,0
DA:169,0
DA:181,0
DA:182,0
DA:183,0
DA:189,0
DA:190,0
DA:193,0
DA:195,0
DA:204,0
DA:205,0
DA:206,0
DA:212,0
DA:213,0
DA:216,0
DA:218,0
DA:227,0
DA:228,0
DA:229,0
DA:234,0
DA:235,0
DA:238,0
DA:240,0
DA:249,0
DA:250,0
DA:251,0
DA:256,0
DA:257,0
DA:260,0
DA:262,0
DA:272,0
DA:273,0
DA:274,0
DA:278,0
DA:291,0
DA:292,0
DA:293,0
DA:295,0
DA:304,0
DA:305,0
DA:306,0
DA:314,0
DA:315,0
DA:316,0
DA:328,0
DA:329,0
DA:330,0
DA:332,0
DA:333,0
DA:336,0
DA:337,0
DA:339,0
DA:348,0
DA:349,0
DA:351,0
DA:352,0
DA:355,0
DA:363,0
DA:364,0
DA:366,0
DA:367,0
DA:370,0
DA:371,0
DA:380,0
DA:381,0
DA:382,0
DA:394,0
DA:395,0
DA:397,0
DA:403,0
DA:405,0
DA:417,0
DA:418,0
DA:420,0
DA:426,0
DA:438,0
DA:439,0
DA:440,0
DA:443,0
DA:445,0
DA:446,0
DA:449,0
DA:457,0
DA:459,0
DA:460,0
DA:464,0
DA:465,0
DA:469,0
DA:470,0
DA:473,0
DA:481,0
DA:488,0
DA:489,0
DA:492,0
DA:493,0
DA:494,0
DA:504,0
DA:505,0
DA:512,0
DA:513,0
DA:519,0
DA:520,0
DA:532,0
DA:533,0
DA:539,0
DA:540,0
DA:549,0
DA:550,0
DA:552,0
DA:553,0
DA:556,0
DA:557,0
DA:569,0
DA:570,0
DA:579,0
DA:581,0
DA:582,0
DA:585,0
DA:586,0
DA:588,0
DA:596,0
DA:597,0
DA:598,0
DA:599,0
DA:600,0
DA:601,0
DA:602,0
DA:604,0
DA:613,0
DA:614,0
DA:616,0
DA:617,0
DA:620,0
DA:622,0
DA:640,0
LF:160
LH:0
BRDA:18,0,0,0
BRDA:18,0,1,0
BRDA:19,1,0,0
BRDA:19,1,1,0
BRDA:47,2,0,0
BRDA:56,3,0,0
BRDA:56,3,1,0
BRDA:71,4,0,0
BRDA:80,5,0,0
BRDA:80,5,1,0
BRDA:154,6,0,0
BRDA:160,7,0,0
BRDA:160,7,1,0
BRDA:189,8,0,0
BRDA:189,8,1,0
BRDA:212,9,0,0
BRDA:212,9,1,0
BRDA:234,10,0,0
BRDA:234,10,1,0
BRDA:256,11,0,0
BRDA:256,11,1,0
BRDA:272,12,0,0
BRDA:306,13,0,0
BRDA:306,13,1,0
BRDA:316,14,0,0
BRDA:316,14,1,0
BRDA:332,15,0,0
BRDA:332,15,1,0
BRDA:332,16,0,0
BRDA:332,16,1,0
BRDA:351,17,0,0
BRDA:351,17,1,0
BRDA:351,18,0,0
BRDA:351,18,1,0
BRDA:366,19,0,0
BRDA:366,19,1,0
BRDA:366,20,0,0
BRDA:366,20,1,0
BRDA:380,21,0,0
BRDA:382,22,0,0
BRDA:382,22,1,0
BRDA:439,23,0,0
BRDA:439,23,1,0
BRDA:445,24,0,0
BRDA:445,24,1,0
BRDA:445,25,0,0
BRDA:445,25,1,0
BRDA:459,26,0,0
BRDA:459,26,1,0
BRDA:464,27,0,0
BRDA:464,27,1,0
BRDA:464,28,0,0
BRDA:464,28,1,0
BRDA:469,29,0,0
BRDA:469,29,1,0
BRDA:469,30,0,0
BRDA:469,30,1,0
BRDA:488,31,0,0
BRDA:492,32,0,0
BRDA:492,32,1,0
BRDA:534,33,0,0
BRDA:534,33,1,0
BRDA:535,34,0,0
BRDA:535,34,1,0
BRDA:536,35,0,0
BRDA:536,35,1,0
BRDA:552,36,0,0
BRDA:552,36,1,0
BRDA:552,37,0,0
BRDA:552,37,1,0
BRDA:581,38,0,0
BRDA:581,38,1,0
BRDA:588,39,0,0
BRDA:588,39,1,0
BRDA:597,40,0,0
BRDA:597,40,1,0
BRDA:599,41,0,0
BRDA:599,41,1,0
BRDA:601,42,0,0
BRDA:601,42,1,0
BRDA:616,43,0,0
BRDA:616,43,1,0
BRDA:623,44,0,0
BRDA:623,44,1,0
BRDA:627,45,0,0
BRDA:627,45,1,0
BRDA:628,46,0,0
BRDA:628,46,1,0
BRF:88
BRH:0
end_of_record
TN:
SF:utils/validators.js
FNF:0
FNH:0
LF:0
LH:0
BRF:0
BRH:0
end_of_record
TN:
SF:validators/auth.validator.js
FN:303,(anonymous_0)
FN:304,(anonymous_1)
FN:311,(anonymous_2)
FN:333,(anonymous_3)
FN:334,(anonymous_4)
FN:341,(anonymous_5)
FN:363,(anonymous_6)
FN:364,(anonymous_7)
FN:371,(anonymous_8)
FNF:9
FNH:0
FNDA:0,(anonymous_0)
FNDA:0,(anonymous_1)
FNDA:0,(anonymous_2)
FNDA:0,(anonymous_3)
FNDA:0,(anonymous_4)
FNDA:0,(anonymous_5)
FNDA:0,(anonymous_6)
FNDA:0,(anonymous_7)
FNDA:0,(anonymous_8)
DA:9,0
DA:18,0
DA:113,0
DA:136,0
DA:151,0
DA:166,0
DA:201,0
DA:234,0
DA:245,0
DA:252,0
DA:282,0
DA:303,0
DA:304,0
DA:305,0
DA:310,0
DA:311,0
DA:316,0
DA:323,0
DA:324,0
DA:333,0
DA:334,0
DA:335,0
DA:340,0
DA:341,0
DA:346,0
DA:353,0
DA:354,0
DA:363,0
DA:364,0
DA:365,0
DA:370,0
DA:371,0
DA:376,0
DA:383,0
DA:384,0
DA:392,0
LF:36
LH:0
BRDA:310,0,0,0
BRDA:310,0,1,0
BRDA:340,1,0,0
BRDA:340,1,1,0
BRDA:370,2,0,0
BRDA:370,2,1,0
BRF:6
BRH:0
end_of_record
TN:
SF:validators/challenge.validator.js
FN:617,(anonymous_0)
FN:618,(anonymous_1)
FN:625,(anonymous_2)
FN:647,(anonymous_3)
FN:648,(anonymous_4)
FN:655,(anonymous_5)
FN:677,(anonymous_6)
FN:678,(anonymous_7)
FN:685,(anonymous_8)
FN:708,(anonymous_9)
FN:739,(anonymous_10)
FNF:11
FNH:0
FNDA:0,(anonymous_0)
FNDA:0,(anonymous_1)
FNDA:0,(anonymous_2)
FNDA:0,(anonymous_3)
FNDA:0,(anonymous_4)
FNDA:0,(anonymous_5)
FNDA:0,(anonymous_6)
FNDA:0,(anonymous_7)
FNDA:0,(anonymous_8)
FNDA:0,(anonymous_9)
FNDA:0,(anonymous_10)
DA:17,0
DA:27,0
DA:39,0
DA:45,0
DA:63,0
DA:99,0
DA:134,0
DA:171,0
DA:207,0
DA:247,0
DA:310,0
DA:373,0
DA:426,0
DA:440,0
DA:515,0
DA:553,0
DA:576,0
DA:588,0
DA:617,0
DA:618,0
DA:619,0
DA:624,0
DA:625,0
DA:630,0
DA:637,0
DA:638,0
DA:647,0
DA:648,0
DA:649,0
DA:654,0
DA:655,0
DA:660,0
DA:667,0
DA:668,0
DA:677,0
DA:678,0
DA:679,0
DA:684,0
DA:685,0
DA:690,0
DA:697,0
DA:698,0
DA:708,0
DA:711,0
DA:713,0
DA:714,0
DA:716,0
DA:717,0
DA:719,0
DA:720,0
DA:722,0
DA:723,0
DA:725,0
DA:726,0
DA:728,0
DA:734,0
DA:736,0
DA:737,0
DA:739,0
DA:743,0
DA:753,0
LF:61
LH:0
BRDA:624,0,0,0
BRDA:624,0,1,0
BRDA:654,1,0,0
BRDA:654,1,1,0
BRDA:684,2,0,0
BRDA:684,2,1,0
BRDA:711,3,0,0
BRDA:711,3,1,0
BRDA:711,3,2,0
BRDA:711,3,3,0
BRDA:711,3,4,0
BRDA:711,3,5,0
BRDA:736,4,0,0
BRDA:736,4,1,0
BRF:14
BRH:0
end_of_record
TN:
SF:validators/common.validator.js
FN:494,(anonymous_0)
FN:515,(anonymous_1)
FN:532,(anonymous_2)
FN:547,(anonymous_3)
FN:579,(anonymous_4)
FN:638,(anonymous_5)
FN:639,(anonymous_6)
FN:646,(anonymous_7)
FN:669,(anonymous_8)
FN:670,(anonymous_9)
FN:673,(anonymous_10)
FN:680,(anonymous_11)
FNF:12
FNH:0
FNDA:0,(anonymous_0)
FNDA:0,(anonymous_1)
FNDA:0,(anonymous_2)
FNDA:0,(anonymous_3)
FNDA:0,(anonymous_4)
FNDA:0,(anonymous_5)
FNDA:0,(anonymous_6)
FNDA:0,(anonymous_7)
FNDA:0,(anonymous_8)
FNDA:0,(anonymous_9)
FNDA:0,(anonymous_10)
FNDA:0,(anonymous_11)
DA:18,0
DA:27,0
DA:43,0
DA:52,0
DA:65,0
DA:78,0
DA:92,0
DA:101,0
DA:112,0
DA:123,0
DA:136,0
DA:175,0
DA:204,0
DA:230,0
DA:268,0
DA:298,0
DA:334,0
DA:377,0
DA:407,0
DA:436,0
DA:446,0
DA:456,0
DA:470,0
DA:479,0
DA:494,0
DA:495,0
DA:497,0
DA:498,0
DA:501,0
DA:515,0
DA:516,0
DA:532,0
DA:533,0
DA:547,0
DA:548,0
DA:550,0
DA:551,0
DA:554,0
DA:568,0
DA:577,0
DA:580,0
DA:581,0
DA:582,0
DA:584,0
DA:594,0
DA:606,0
DA:619,0
DA:638,0
DA:639,0
DA:640,0
DA:645,0
DA:646,0
DA:652,0
DA:659,0
DA:660,0
DA:669,0
DA:670,0
DA:671,0
DA:673,0
DA:674,0
DA:679,0
DA:680,0
DA:681,0
DA:688,0
DA:692,0
DA:693,0
DA:700,0
DA:708,0
LF:68
LH:0
BRDA:497,0,0,0
BRDA:497,0,1,0
BRDA:515,1,0,0
BRDA:515,2,0,0
BRDA:532,3,0,0
BRDA:547,4,0,0
BRDA:550,5,0,0
BRDA:550,5,1,0
BRDA:581,6,0,0
BRDA:581,6,1,0
BRDA:638,7,0,0
BRDA:645,8,0,0
BRDA:645,8,1,0
BRDA:679,9,0,0
BRDA:679,9,1,0
BRDA:692,10,0,0
BRDA:692,10,1,0
BRF:17
BRH:0
end_of_record
TN:
SF:validators/student.validator.js
FN:452,(anonymous_0)
FN:453,(anonymous_1)
FN:460,(anonymous_2)
FN:482,(anonymous_3)
FN:483,(anonymous_4)
FN:490,(anonymous_5)
FN:512,(anonymous_6)
FN:513,(anonymous_7)
FN:520,(anonymous_8)
FNF:9
FNH:0
FNDA:0,(anonymous_0)
FNDA:0,(anonymous_1)
FNDA:0,(anonymous_2)
FNDA:0,(anonymous_3)
FNDA:0,(anonymous_4)
FNDA:0,(anonymous_5)
FNDA:0,(anonymous_6)
FNDA:0,(anonymous_7)
FNDA:0,(anonymous_8)
DA:9,0
DA:18,0
DA:117,0
DA:169,0
DA:182,0
DA:229,0
DA:253,0
DA:266,0
DA:293,0
DA:317,0
DA:343,0
DA:369,0
DA:394,0
DA:421,0
DA:452,0
DA:453,0
DA:454,0
DA:459,0
DA:460,0
DA:465,0
DA:472,0
DA:473,0
DA:482,0
DA:483,0
DA:484,0
DA:489,0
DA:490,0
DA:495,0
DA:502,0
DA:503,0
DA:512,0
DA:513,0
DA:514,0
DA:519,0
DA:520,0
DA:525,0
DA:532,0
DA:533,0
DA:541,0
LF:39
LH:0
BRDA:459,0,0,0
BRDA:459,0,1,0
BRDA:489,1,0,0
BRDA:489,1,1,0
BRDA:519,2,0,0
BRDA:519,2,1,0
BRF:6
BRH:0
end_of_record
TN:
SF:validators/teacher.validator.js
FN:558,(anonymous_0)
FN:559,(anonymous_1)
FN:566,(anonymous_2)
FN:588,(anonymous_3)
FN:589,(anonymous_4)
FN:596,(anonymous_5)
FN:618,(anonymous_6)
FN:619,(anonymous_7)
FN:626,(anonymous_8)
FNF:9
FNH:0
FNDA:0,(anonymous_0)
FNDA:0,(anonymous_1)
FNDA:0,(anonymous_2)
FNDA:0,(anonymous_3)
FNDA:0,(anonymous_4)
FNDA:0,(anonymous_5)
FNDA:0,(anonymous_6)
FNDA:0,(anonymous_7)
FNDA:0,(anonymous_8)
DA:9,0
DA:18,0
DA:117,0
DA:160,0
DA:173,0
DA:213,0
DA:233,0
DA:268,0
DA:317,0
DA:352,0
DA:373,0
DA:404,0
DA:445,0
DA:468,0
DA:492,0
DA:526,0
DA:558,0
DA:559,0
DA:560,0
DA:565,0
DA:566,0
DA:571,0
DA:578,0
DA:579,0
DA:588,0
DA:589,0
DA:590,0
DA:595,0
DA:596,0
DA:601,0
DA:608,0
DA:609,0
DA:618,0
DA:619,0
DA:620,0
DA:625,0
DA:626,0
DA:631,0
DA:638,0
DA:639,0
DA:647,0
LF:41
LH:0
BRDA:565,0,0,0
BRDA:565,0,1,0
BRDA:595,1,0,0
BRDA:595,1,1,0
BRDA:625,2,0,0
BRDA:625,2,1,0
BRF:6
BRH:0
end_of_record
